#
# There is insufficient memory for the Java Runtime Environment to continue.
# Native memory allocation (mmap) failed to map 4177920 bytes for G1 virtual space
# Possible reasons:
#   The system is out of physical RAM or swap space
#   The process is running with CompressedOops enabled, and the Java Heap may be blocking the growth of the native heap
# Possible solutions:
#   Reduce memory load on the system
#   Increase physical memory or swap space
#   Check if swap backing store is full
#   Decrease Java heap size (-Xmx/-Xms)
#   Decrease number of Java threads
#   Decrease Java thread stack sizes (-Xss)
#   Set larger code cache with -XX:ReservedCodeCacheSize=
#   JVM is running with Unscaled Compressed Oops mode in which the Java heap is
#     placed in the first 4GB address space. The Java Heap base address is the
#     maximum limit for the native heap growth. Please use -XX:HeapBaseMinAddress
#     to set the Java Heap base and to place the Java Heap above 4GB virtual address.
# This output file may be truncated or incomplete.
#
#  Out of Memory Error (os_windows.cpp:3769), pid=17336, tid=1348
#
# JRE version: OpenJDK Runtime Environment (17.0.6) (build 17.0.6+0-b2043.56-10027231)
# Java VM: OpenJDK 64-Bit Server VM (17.0.6+0-b2043.56-10027231, mixed mode, tiered, compressed oops, compressed class ptrs, g1 gc, windows-amd64)
# No core dump will be written. Minidumps are not enabled by default on client versions of Windows
#

---------------  S U M M A R Y ------------

Command Line: --add-opens=java.base/java.util=ALL-UNNAMED --add-opens=java.base/java.lang=ALL-UNNAMED --add-opens=java.base/java.lang.invoke=ALL-UNNAMED --add-opens=java.base/java.util=ALL-UNNAMED --add-opens=java.prefs/java.util.prefs=ALL-UNNAMED --add-opens=java.prefs/java.util.prefs=ALL-UNNAMED --add-opens=java.base/java.nio.charset=ALL-UNNAMED --add-opens=java.base/java.net=ALL-UNNAMED --add-opens=java.base/java.util.concurrent.atomic=ALL-UNNAMED -Xmx2048m -Dfile.encoding=UTF-8 -Duser.country=US -Duser.language=en -Duser.variant org.gradle.launcher.daemon.bootstrap.GradleDaemon 7.0.2

Host: Intel(R) Core(TM) i5-8400 CPU @ 2.80GHz, 6 cores, 11G,  Windows 10 , 64 bit Build 19041 (10.0.19041.3155)
Time: Wed Nov  8 18:30:56 2023 Tokyo Standard Time elapsed time: 34.261170 seconds (0d 0h 0m 34s)

---------------  T H R E A D  ---------------

Current thread (0x000001b17b413410):  VMThread "VM Thread" [stack: 0x00000042b2f00000,0x00000042b3000000] [id=1348]

Stack: [0x00000042b2f00000,0x00000042b3000000]
Native frames: (J=compiled Java code, j=interpreted, Vv=VM code, C=native code)
V  [jvm.dll+0x683c9a]
V  [jvm.dll+0x8427a4]
V  [jvm.dll+0x843f9e]
V  [jvm.dll+0x844603]
V  [jvm.dll+0x249b75]
V  [jvm.dll+0x680b69]
V  [jvm.dll+0x67505a]
V  [jvm.dll+0x309acb]
V  [jvm.dll+0x310f86]
V  [jvm.dll+0x360903]
V  [jvm.dll+0x360b1f]
V  [jvm.dll+0x2dfbf8]
V  [jvm.dll+0x2ddec4]
V  [jvm.dll+0x2dd4cc]
V  [jvm.dll+0x321f3b]
V  [jvm.dll+0x848ccb]
V  [jvm.dll+0x849a04]
V  [jvm.dll+0x849f1d]
V  [jvm.dll+0x84a2f4]
V  [jvm.dll+0x84a3c0]
V  [jvm.dll+0x7f274a]
V  [jvm.dll+0x682ad5]
C  [ucrtbase.dll+0x21bb2]
C  [KERNEL32.DLL+0x17614]
C  [ntdll.dll+0x526b1]

VM_Operation (0x00000042b42fdce0): G1CollectForAllocation, mode: safepoint, requested by thread 0x000001b17d985020


---------------  P R O C E S S  ---------------

Threads class SMR info:
_java_thread_list=0x000001b103c5da00, length=53, elements={
0x000001b160e0a9a0, 0x000001b17a82ec30, 0x000001b17a82f9b0, 0x000001b17a8482d0,
0x000001b17b465020, 0x000001b17b4658e0, 0x000001b17b4661a0, 0x000001b17b466a60,
0x000001b17b467410, 0x000001b17b46bd30, 0x000001b17b5e5010, 0x000001b17b5e5cf0,
0x000001b17dd1b980, 0x000001b17ceb54e0, 0x000001b17cc51490, 0x000001b17d8bc030,
0x000001b17da63120, 0x000001b17d986d00, 0x000001b17d985e90, 0x000001b17d9854f0,
0x000001b17d9871d0, 0x000001b17d986830, 0x000001b17d9876a0, 0x000001b17d987b70,
0x000001b17d985020, 0x000001b17d984b50, 0x000001b17d988040, 0x000001b17d988510,
0x000001b17d9859c0, 0x000001b17b68d8f0, 0x000001b17b68ddc0, 0x000001b17b68e290,
0x000001b17b68e760, 0x000001b17b68b740, 0x000001b17b68ec30, 0x000001b17b68cf50,
0x000001b17b68d420, 0x000001b17b68ca80, 0x000001b17b68bc10, 0x000001b17cdd38c0,
0x000001b17cdd1240, 0x000001b17cdd0d70, 0x000001b17cdd2580, 0x000001b17cdd1be0,
0x000001b17cdd2a50, 0x000001b17cdd2f20, 0x000001b17cdcff00, 0x000001b17d986360,
0x000001b17c004430, 0x000001b17c007920, 0x000001b17d871e80, 0x000001b17c006ab0,
0x000001b17c0052a0
}

Java Threads: ( => current thread )
  0x000001b160e0a9a0 JavaThread "main" [_thread_blocked, id=16268, stack(0x00000042b2900000,0x00000042b2a00000)]
  0x000001b17a82ec30 JavaThread "Reference Handler" daemon [_thread_blocked, id=11520, stack(0x00000042b3000000,0x00000042b3100000)]
  0x000001b17a82f9b0 JavaThread "Finalizer" daemon [_thread_blocked, id=9612, stack(0x00000042b3100000,0x00000042b3200000)]
  0x000001b17a8482d0 JavaThread "Signal Dispatcher" daemon [_thread_blocked, id=9316, stack(0x00000042b3200000,0x00000042b3300000)]
  0x000001b17b465020 JavaThread "Attach Listener" daemon [_thread_blocked, id=13584, stack(0x00000042b3300000,0x00000042b3400000)]
  0x000001b17b4658e0 JavaThread "Service Thread" daemon [_thread_blocked, id=9544, stack(0x00000042b3400000,0x00000042b3500000)]
  0x000001b17b4661a0 JavaThread "Monitor Deflation Thread" daemon [_thread_blocked, id=13364, stack(0x00000042b3500000,0x00000042b3600000)]
  0x000001b17b466a60 JavaThread "C2 CompilerThread0" daemon [_thread_blocked, id=7688, stack(0x00000042b3600000,0x00000042b3700000)]
  0x000001b17b467410 JavaThread "C1 CompilerThread0" daemon [_thread_blocked, id=7108, stack(0x00000042b3700000,0x00000042b3800000)]
  0x000001b17b46bd30 JavaThread "Sweeper thread" daemon [_thread_blocked, id=9652, stack(0x00000042b3800000,0x00000042b3900000)]
  0x000001b17b5e5010 JavaThread "Common-Cleaner" daemon [_thread_blocked, id=3704, stack(0x00000042b3900000,0x00000042b3a00000)]
  0x000001b17b5e5cf0 JavaThread "Notification Thread" daemon [_thread_blocked, id=14948, stack(0x00000042b3a00000,0x00000042b3b00000)]
  0x000001b17dd1b980 JavaThread "Daemon health stats" [_thread_blocked, id=7844, stack(0x00000042b4000000,0x00000042b4100000)]
  0x000001b17ceb54e0 JavaThread "Incoming local TCP Connector on port 61473" [_thread_in_native, id=3180, stack(0x00000042b4300000,0x00000042b4400000)]
  0x000001b17cc51490 JavaThread "Daemon periodic checks" [_thread_blocked, id=6684, stack(0x00000042b4400000,0x00000042b4500000)]
  0x000001b17d8bc030 JavaThread "Daemon" [_thread_blocked, id=13616, stack(0x00000042b4500000,0x00000042b4600000)]
  0x000001b17da63120 JavaThread "Handler for socket connection from /127.0.0.1:61473 to /127.0.0.1:61474" [_thread_in_native, id=12104, stack(0x00000042b4600000,0x00000042b4700000)]
  0x000001b17d986d00 JavaThread "Cancel handler" [_thread_blocked, id=15596, stack(0x00000042b4700000,0x00000042b4800000)]
  0x000001b17d985e90 JavaThread "Daemon worker" [_thread_blocked, id=14992, stack(0x00000042b4800000,0x00000042b4900000)]
  0x000001b17d9854f0 JavaThread "Asynchronous log dispatcher for DefaultDaemonConnection: socket connection from /127.0.0.1:61473 to /127.0.0.1:61474" [_thread_blocked, id=11512, stack(0x00000042b4900000,0x00000042b4a00000)]
  0x000001b17d9871d0 JavaThread "Stdin handler" [_thread_blocked, id=10496, stack(0x00000042b4a00000,0x00000042b4b00000)]
  0x000001b17d986830 JavaThread "Daemon client event forwarder" [_thread_blocked, id=16568, stack(0x00000042b4b00000,0x00000042b4c00000)]
  0x000001b17d9876a0 JavaThread "Cache worker for file hash cache (C:\Users\PC_KINTAI\.gradle\caches\7.0.2\fileHashes)" [_thread_blocked, id=12568, stack(0x00000042b4c00000,0x00000042b4d00000)]
  0x000001b17d987b70 JavaThread "File lock request listener" [_thread_in_native, id=13908, stack(0x00000042b4d00000,0x00000042b4e00000)]
  0x000001b17d985020 JavaThread "Cache worker for journal cache (C:\Users\PC_KINTAI\.gradle\caches\journal-1)" [_thread_blocked, id=6500, stack(0x00000042b4200000,0x00000042b4300000)]
  0x000001b17d984b50 JavaThread "File lock release action executor" [_thread_blocked, id=13408, stack(0x00000042b5000000,0x00000042b5100000)]
  0x000001b17d988040 JavaThread "Cache worker for file hash cache (D:\LibAds\SappModuleAds\.gradle\7.0.2\fileHashes)" [_thread_blocked, id=7424, stack(0x00000042b5100000,0x00000042b5200000)]
  0x000001b17d988510 JavaThread "File watcher server" daemon [_thread_in_native, id=3856, stack(0x00000042b5200000,0x00000042b5300000)]
  0x000001b17d9859c0 JavaThread "File watcher consumer" daemon [_thread_blocked, id=14524, stack(0x00000042b5300000,0x00000042b5400000)]
  0x000001b17b68d8f0 JavaThread "jar transforms" [_thread_blocked, id=16400, stack(0x00000042b5400000,0x00000042b5500000)]
  0x000001b17b68ddc0 JavaThread "jar transforms Thread 2" [_thread_blocked, id=11548, stack(0x00000042b5500000,0x00000042b5600000)]
  0x000001b17b68e290 JavaThread "jar transforms Thread 3" [_thread_blocked, id=10048, stack(0x00000042b5600000,0x00000042b5700000)]
  0x000001b17b68e760 JavaThread "jar transforms Thread 4" [_thread_blocked, id=4008, stack(0x00000042b5700000,0x00000042b5800000)]
  0x000001b17b68b740 JavaThread "jar transforms Thread 5" [_thread_blocked, id=12988, stack(0x00000042b5800000,0x00000042b5900000)]
  0x000001b17b68ec30 JavaThread "jar transforms Thread 6" [_thread_blocked, id=13852, stack(0x00000042b5900000,0x00000042b5a00000)]
  0x000001b17b68cf50 JavaThread "Cache worker for checksums cache (D:\LibAds\SappModuleAds\.gradle\checksums)" [_thread_blocked, id=5600, stack(0x00000042b5b00000,0x00000042b5c00000)]
  0x000001b17b68d420 JavaThread "Cache worker for cache directory md-supplier (C:\Users\PC_KINTAI\.gradle\caches\7.0.2\md-supplier)" [_thread_blocked, id=15328, stack(0x00000042b5c00000,0x00000042b5d00000)]
  0x000001b17b68ca80 JavaThread "Cache worker for cache directory md-rule (C:\Users\PC_KINTAI\.gradle\caches\7.0.2\md-rule)" [_thread_blocked, id=7464, stack(0x00000042b5d00000,0x00000042b5e00000)]
  0x000001b17b68bc10 JavaThread "Cache worker for execution history cache (C:\Users\PC_KINTAI\.gradle\caches\7.0.2\executionHistory)" [_thread_blocked, id=13872, stack(0x00000042b5a00000,0x00000042b5b00000)]
  0x000001b17cdd38c0 JavaThread "Cache worker for file content cache (C:\Users\PC_KINTAI\.gradle\caches\7.0.2\fileContent)" [_thread_blocked, id=6828, stack(0x00000042b5f00000,0x00000042b6000000)]
  0x000001b17cdd1240 JavaThread "Cache worker for dependencies-accessors (D:\LibAds\SappModuleAds\.gradle\7.0.2\dependencies-accessors)" [_thread_blocked, id=1860, stack(0x00000042b5e00000,0x00000042b5f00000)]
  0x000001b17cdd0d70 JavaThread "Cache worker for Build Output Cleanup Cache (D:\LibAds\SappModuleAds\.gradle\buildOutputCleanup)" [_thread_blocked, id=14200, stack(0x00000042b6100000,0x00000042b6200000)]
  0x000001b17cdd2580 JavaThread "Build operations" [_thread_blocked, id=12116, stack(0x00000042b6000000,0x00000042b6100000)]
  0x000001b17cdd1be0 JavaThread "Build operations Thread 2" [_thread_blocked, id=504, stack(0x00000042b6200000,0x00000042b6300000)]
  0x000001b17cdd2a50 JavaThread "Build operations Thread 3" [_thread_blocked, id=3400, stack(0x00000042b6300000,0x00000042b6400000)]
  0x000001b17cdd2f20 JavaThread "Build operations Thread 4" [_thread_blocked, id=1364, stack(0x00000042b6400000,0x00000042b6500000)]
  0x000001b17cdcff00 JavaThread "Build operations Thread 5" [_thread_blocked, id=16104, stack(0x00000042b6500000,0x00000042b6600000)]
  0x000001b17d986360 JavaThread "Build operations Thread 6" [_thread_blocked, id=15608, stack(0x00000042b6600000,0x00000042b6700000)]
  0x000001b17c004430 JavaThread "File lock release action executor Thread 2" [_thread_blocked, id=16100, stack(0x00000042b6700000,0x00000042b6800000)]
  0x000001b17c007920 JavaThread "Memory manager" [_thread_blocked, id=7492, stack(0x00000042b6900000,0x00000042b6a00000)]
  0x000001b17d871e80 JavaThread "C2 CompilerThread1" daemon [_thread_blocked, id=5624, stack(0x00000042b2600000,0x00000042b2700000)]
  0x000001b17c006ab0 JavaThread "Cache worker for execution history cache (D:\LibAds\SappModuleAds\.gradle\7.0.2\executionHistory)" [_thread_blocked, id=2844, stack(0x00000042b6e00000,0x00000042b6f00000)]
  0x000001b17c0052a0 JavaThread "idea-tooling-model-converter" [_thread_blocked, id=9596, stack(0x00000042b6800000,0x00000042b6900000)]

Other Threads:
=>0x000001b17b413410 VMThread "VM Thread" [stack: 0x00000042b2f00000,0x00000042b3000000] [id=1348]
  0x000001b160e83a50 WatcherThread [stack: 0x00000042b3b00000,0x00000042b3c00000] [id=16520]
  0x000001b160e65480 GCTaskThread "GC Thread#0" [stack: 0x00000042b2a00000,0x00000042b2b00000] [id=9172]
  0x000001b17be9c720 GCTaskThread "GC Thread#1" [stack: 0x00000042b3c00000,0x00000042b3d00000] [id=16732]
  0x000001b17bea51c0 GCTaskThread "GC Thread#2" [stack: 0x00000042b3d00000,0x00000042b3e00000] [id=16944]
  0x000001b17bea5470 GCTaskThread "GC Thread#3" [stack: 0x00000042b3e00000,0x00000042b3f00000] [id=12720]
  0x000001b17c4c82e0 GCTaskThread "GC Thread#4" [stack: 0x00000042b4100000,0x00000042b4200000] [id=5156]
  0x000001b17d98bb30 GCTaskThread "GC Thread#5" [stack: 0x00000042b4e00000,0x00000042b4f00000] [id=7428]
  0x000001b160e772e0 ConcurrentGCThread "G1 Main Marker" [stack: 0x00000042b2b00000,0x00000042b2c00000] [id=5352]
  0x000001b160e783a0 ConcurrentGCThread "G1 Conc#0" [stack: 0x00000042b2c00000,0x00000042b2d00000] [id=9128]
  0x000001b17d85f070 ConcurrentGCThread "G1 Conc#1" [stack: 0x00000042b4f00000,0x00000042b5000000] [id=5796]
  0x000001b160ede3a0 ConcurrentGCThread "G1 Refine#0" [stack: 0x00000042b2d00000,0x00000042b2e00000] [id=12524]
  0x000001b17bee7080 ConcurrentGCThread "G1 Refine#1" [stack: 0x00000042b3f00000,0x00000042b4000000] [id=8552]
  0x000001b17a6940e0 ConcurrentGCThread "G1 Service" [stack: 0x00000042b2e00000,0x00000042b2f00000] [id=12484]

Threads with active compile tasks:
C2 CompilerThread1    34317 10998   !   4       java.nio.file.FileTreeWalker::next (144 bytes)

VM state: at safepoint (normal execution)

VM Mutex/Monitor currently owned by a thread:  ([mutex/lock_event])
[0x000001b160e055a0] Threads_lock - owner thread: 0x000001b17b413410
[0x000001b160e06cb0] Heap_lock - owner thread: 0x000001b17d985020

Heap address: 0x0000000080000000, size: 2048 MB, Compressed Oops mode: 32-bit

CDS archive(s) not mapped
Compressed class space mapped at: 0x0000000100000000-0x0000000140000000, reserved size: 1073741824
Narrow klass base: 0x0000000000000000, Narrow klass shift: 3, Narrow klass range: 0x140000000

GC Precious Log:
 CPUs: 6 total, 6 available
 Memory: 12114M
 Large Page Support: Disabled
 NUMA Support: Disabled
 Compressed Oops: Enabled (32-bit)
 Heap Region Size: 1M
 Heap Min Capacity: 8M
 Heap Initial Capacity: 190M
 Heap Max Capacity: 2G
 Pre-touch: Disabled
 Parallel Workers: 6
 Concurrent Workers: 2
 Concurrent Refinement Workers: 6
 Periodic GC: Disabled

Heap:
 garbage-first heap   total 249856K, used 154301K [0x0000000080000000, 0x0000000100000000)
  region size 1024K, 7 young (7168K), 7 survivors (7168K)
 Metaspace       used 94754K, committed 95488K, reserved 1138688K
  class space    used 12636K, committed 12928K, reserved 1048576K

Heap Regions: E=young(eden), S=young(survivor), O=old, HS=humongous(starts), HC=humongous(continues), CS=collection set, F=free, OA=open archive, CA=closed archive, TAMS=top-at-mark-start (previous, next)
|   0|0x0000000080000000, 0x0000000080100000, 0x0000000080100000|100%| O|  |TAMS 0x0000000080100000, 0x0000000080100000| Untracked 
|   1|0x0000000080100000, 0x0000000080200000, 0x0000000080200000|100%| O|  |TAMS 0x0000000080200000, 0x0000000080200000| Untracked 
|   2|0x0000000080200000, 0x0000000080300000, 0x0000000080300000|100%| O|  |TAMS 0x0000000080300000, 0x0000000080300000| Untracked 
|   3|0x0000000080300000, 0x0000000080400000, 0x0000000080400000|100%|HS|  |TAMS 0x0000000080400000, 0x0000000080400000| Complete 
|   4|0x0000000080400000, 0x0000000080500000, 0x0000000080500000|100%|HC|  |TAMS 0x0000000080500000, 0x0000000080500000| Complete 
|   5|0x0000000080500000, 0x0000000080600000, 0x0000000080600000|100%|HC|  |TAMS 0x0000000080600000, 0x0000000080600000| Complete 
|   6|0x0000000080600000, 0x0000000080700000, 0x0000000080700000|100%| O|  |TAMS 0x0000000080700000, 0x0000000080700000| Untracked 
|   7|0x0000000080700000, 0x0000000080800000, 0x0000000080800000|100%| O|  |TAMS 0x0000000080800000, 0x0000000080800000| Untracked 
|   8|0x0000000080800000, 0x0000000080900000, 0x0000000080900000|100%| O|  |TAMS 0x0000000080900000, 0x0000000080900000| Untracked 
|   9|0x0000000080900000, 0x0000000080a00000, 0x0000000080a00000|100%| O|  |TAMS 0x0000000080a00000, 0x0000000080a00000| Untracked 
|  10|0x0000000080a00000, 0x0000000080b00000, 0x0000000080b00000|100%| O|  |TAMS 0x0000000080b00000, 0x0000000080b00000| Untracked 
|  11|0x0000000080b00000, 0x0000000080c00000, 0x0000000080c00000|100%| O|  |TAMS 0x0000000080c00000, 0x0000000080c00000| Untracked 
|  12|0x0000000080c00000, 0x0000000080d00000, 0x0000000080d00000|100%| O|  |TAMS 0x0000000080d00000, 0x0000000080d00000| Untracked 
|  13|0x0000000080d00000, 0x0000000080e00000, 0x0000000080e00000|100%| O|  |TAMS 0x0000000080e00000, 0x0000000080e00000| Untracked 
|  14|0x0000000080e00000, 0x0000000080f00000, 0x0000000080f00000|100%| O|  |TAMS 0x0000000080f00000, 0x0000000080f00000| Untracked 
|  15|0x0000000080f00000, 0x0000000081000000, 0x0000000081000000|100%| O|  |TAMS 0x0000000081000000, 0x0000000081000000| Untracked 
|  16|0x0000000081000000, 0x0000000081100000, 0x0000000081100000|100%| O|  |TAMS 0x0000000081100000, 0x0000000081100000| Untracked 
|  17|0x0000000081100000, 0x0000000081200000, 0x0000000081200000|100%| O|  |TAMS 0x0000000081200000, 0x0000000081200000| Untracked 
|  18|0x0000000081200000, 0x0000000081300000, 0x0000000081300000|100%| O|  |TAMS 0x0000000081300000, 0x0000000081300000| Untracked 
|  19|0x0000000081300000, 0x0000000081400000, 0x0000000081400000|100%|HS|  |TAMS 0x0000000081400000, 0x0000000081400000| Complete 
|  20|0x0000000081400000, 0x0000000081500000, 0x0000000081500000|100%|HC|  |TAMS 0x0000000081500000, 0x0000000081500000| Complete 
|  21|0x0000000081500000, 0x0000000081600000, 0x0000000081600000|100%| O|  |TAMS 0x0000000081600000, 0x0000000081600000| Untracked 
|  22|0x0000000081600000, 0x0000000081700000, 0x0000000081700000|100%| O|  |TAMS 0x0000000081700000, 0x0000000081700000| Untracked 
|  23|0x0000000081700000, 0x0000000081800000, 0x0000000081800000|100%|HS|  |TAMS 0x0000000081800000, 0x0000000081800000| Complete 
|  24|0x0000000081800000, 0x0000000081900000, 0x0000000081900000|100%|HC|  |TAMS 0x0000000081900000, 0x0000000081900000| Complete 
|  25|0x0000000081900000, 0x0000000081a00000, 0x0000000081a00000|100%|HC|  |TAMS 0x0000000081a00000, 0x0000000081a00000| Complete 
|  26|0x0000000081a00000, 0x0000000081b00000, 0x0000000081b00000|100%|HS|  |TAMS 0x0000000081b00000, 0x0000000081b00000| Complete 
|  27|0x0000000081b00000, 0x0000000081c00000, 0x0000000081c00000|100%|HC|  |TAMS 0x0000000081c00000, 0x0000000081c00000| Complete 
|  28|0x0000000081c00000, 0x0000000081d00000, 0x0000000081d00000|100%|HC|  |TAMS 0x0000000081d00000, 0x0000000081d00000| Complete 
|  29|0x0000000081d00000, 0x0000000081e00000, 0x0000000081e00000|100%|HS|  |TAMS 0x0000000081e00000, 0x0000000081e00000| Complete 
|  30|0x0000000081e00000, 0x0000000081f00000, 0x0000000081f00000|100%|HC|  |TAMS 0x0000000081f00000, 0x0000000081f00000| Complete 
|  31|0x0000000081f00000, 0x0000000082000000, 0x0000000082000000|100%|HC|  |TAMS 0x0000000082000000, 0x0000000082000000| Complete 
|  32|0x0000000082000000, 0x0000000082100000, 0x0000000082100000|100%|HC|  |TAMS 0x0000000082100000, 0x0000000082100000| Complete 
|  33|0x0000000082100000, 0x0000000082200000, 0x0000000082200000|100%|HC|  |TAMS 0x0000000082200000, 0x0000000082200000| Complete 
|  34|0x0000000082200000, 0x0000000082300000, 0x0000000082300000|100%|HC|  |TAMS 0x0000000082300000, 0x0000000082300000| Complete 
|  35|0x0000000082300000, 0x0000000082400000, 0x0000000082400000|100%|HC|  |TAMS 0x0000000082400000, 0x0000000082400000| Complete 
|  36|0x0000000082400000, 0x0000000082500000, 0x0000000082500000|100%|HC|  |TAMS 0x0000000082500000, 0x0000000082500000| Complete 
|  37|0x0000000082500000, 0x0000000082600000, 0x0000000082600000|100%|HC|  |TAMS 0x0000000082600000, 0x0000000082600000| Complete 
|  38|0x0000000082600000, 0x0000000082700000, 0x0000000082700000|100%|HC|  |TAMS 0x0000000082700000, 0x0000000082700000| Complete 
|  39|0x0000000082700000, 0x0000000082800000, 0x0000000082800000|100%|HC|  |TAMS 0x0000000082800000, 0x0000000082800000| Complete 
|  40|0x0000000082800000, 0x0000000082900000, 0x0000000082900000|100%|HC|  |TAMS 0x0000000082900000, 0x0000000082900000| Complete 
|  41|0x0000000082900000, 0x0000000082a00000, 0x0000000082a00000|100%| O|  |TAMS 0x0000000082a00000, 0x0000000082a00000| Untracked 
|  42|0x0000000082a00000, 0x0000000082b00000, 0x0000000082b00000|100%|HS|  |TAMS 0x0000000082b00000, 0x0000000082b00000| Complete 
|  43|0x0000000082b00000, 0x0000000082c00000, 0x0000000082c00000|100%|HC|  |TAMS 0x0000000082c00000, 0x0000000082c00000| Complete 
|  44|0x0000000082c00000, 0x0000000082d00000, 0x0000000082d00000|100%| O|  |TAMS 0x0000000082d00000, 0x0000000082d00000| Untracked 
|  45|0x0000000082d00000, 0x0000000082e00000, 0x0000000082e00000|100%| O|  |TAMS 0x0000000082e00000, 0x0000000082e00000| Untracked 
|  46|0x0000000082e00000, 0x0000000082f00000, 0x0000000082f00000|100%| O|  |TAMS 0x0000000082f00000, 0x0000000082f00000| Untracked 
|  47|0x0000000082f00000, 0x0000000083000000, 0x0000000083000000|100%| O|  |TAMS 0x0000000083000000, 0x0000000083000000| Untracked 
|  48|0x0000000083000000, 0x0000000083100000, 0x0000000083100000|100%| O|  |TAMS 0x0000000083100000, 0x0000000083100000| Untracked 
|  49|0x0000000083100000, 0x0000000083200000, 0x0000000083200000|100%| O|  |TAMS 0x0000000083200000, 0x0000000083200000| Untracked 
|  50|0x0000000083200000, 0x0000000083300000, 0x0000000083300000|100%| O|  |TAMS 0x0000000083300000, 0x0000000083300000| Untracked 
|  51|0x0000000083300000, 0x0000000083400000, 0x0000000083400000|100%|HS|  |TAMS 0x0000000083400000, 0x0000000083400000| Complete 
|  52|0x0000000083400000, 0x0000000083500000, 0x0000000083500000|100%|HC|  |TAMS 0x0000000083500000, 0x0000000083500000| Complete 
|  53|0x0000000083500000, 0x0000000083600000, 0x0000000083600000|100%|HC|  |TAMS 0x0000000083600000, 0x0000000083600000| Complete 
|  54|0x0000000083600000, 0x0000000083700000, 0x0000000083700000|100%| O|  |TAMS 0x0000000083700000, 0x0000000083700000| Untracked 
|  55|0x0000000083700000, 0x0000000083800000, 0x0000000083800000|100%| O|  |TAMS 0x0000000083800000, 0x0000000083800000| Untracked 
|  56|0x0000000083800000, 0x0000000083900000, 0x0000000083900000|100%| O|  |TAMS 0x0000000083900000, 0x0000000083900000| Untracked 
|  57|0x0000000083900000, 0x0000000083a00000, 0x0000000083a00000|100%| O|  |TAMS 0x0000000083a00000, 0x0000000083a00000| Untracked 
|  58|0x0000000083a00000, 0x0000000083b00000, 0x0000000083b00000|100%|HS|  |TAMS 0x0000000083b00000, 0x0000000083b00000| Complete 
|  59|0x0000000083b00000, 0x0000000083c00000, 0x0000000083c00000|100%|HC|  |TAMS 0x0000000083c00000, 0x0000000083c00000| Complete 
|  60|0x0000000083c00000, 0x0000000083d00000, 0x0000000083d00000|100%|HC|  |TAMS 0x0000000083d00000, 0x0000000083d00000| Complete 
|  61|0x0000000083d00000, 0x0000000083e00000, 0x0000000083e00000|100%| O|  |TAMS 0x0000000083e00000, 0x0000000083e00000| Untracked 
|  62|0x0000000083e00000, 0x0000000083f00000, 0x0000000083f00000|100%| O|  |TAMS 0x0000000083f00000, 0x0000000083f00000| Untracked 
|  63|0x0000000083f00000, 0x0000000084000000, 0x0000000084000000|100%| O|  |TAMS 0x0000000084000000, 0x0000000084000000| Untracked 
|  64|0x0000000084000000, 0x0000000084100000, 0x0000000084100000|100%| O|  |TAMS 0x0000000084100000, 0x0000000084100000| Untracked 
|  65|0x0000000084100000, 0x0000000084200000, 0x0000000084200000|100%| O|  |TAMS 0x0000000084200000, 0x0000000084200000| Untracked 
|  66|0x0000000084200000, 0x0000000084300000, 0x0000000084300000|100%| O|  |TAMS 0x0000000084300000, 0x0000000084300000| Untracked 
|  67|0x0000000084300000, 0x0000000084400000, 0x0000000084400000|100%| O|  |TAMS 0x0000000084400000, 0x0000000084400000| Untracked 
|  68|0x0000000084400000, 0x0000000084500000, 0x0000000084500000|100%| O|  |TAMS 0x0000000084500000, 0x0000000084500000| Untracked 
|  69|0x0000000084500000, 0x0000000084600000, 0x0000000084600000|100%|HS|  |TAMS 0x0000000084600000, 0x0000000084600000| Complete 
|  70|0x0000000084600000, 0x0000000084700000, 0x0000000084700000|100%|HS|  |TAMS 0x0000000084700000, 0x0000000084700000| Complete 
|  71|0x0000000084700000, 0x0000000084800000, 0x0000000084800000|100%|HS|  |TAMS 0x0000000084800000, 0x0000000084800000| Complete 
|  72|0x0000000084800000, 0x0000000084900000, 0x0000000084900000|100%| O|  |TAMS 0x0000000084900000, 0x0000000084900000| Untracked 
|  73|0x0000000084900000, 0x0000000084a00000, 0x0000000084a00000|100%| O|  |TAMS 0x0000000084a00000, 0x0000000084a00000| Untracked 
|  74|0x0000000084a00000, 0x0000000084b00000, 0x0000000084b00000|100%|HS|  |TAMS 0x0000000084b00000, 0x0000000084b00000| Complete 
|  75|0x0000000084b00000, 0x0000000084c00000, 0x0000000084c00000|100%|HC|  |TAMS 0x0000000084c00000, 0x0000000084c00000| Complete 
|  76|0x0000000084c00000, 0x0000000084d00000, 0x0000000084d00000|100%|HC|  |TAMS 0x0000000084d00000, 0x0000000084d00000| Complete 
|  77|0x0000000084d00000, 0x0000000084e00000, 0x0000000084e00000|100%|HS|  |TAMS 0x0000000084e00000, 0x0000000084e00000| Complete 
|  78|0x0000000084e00000, 0x0000000084f00000, 0x0000000084f00000|100%|HC|  |TAMS 0x0000000084f00000, 0x0000000084f00000| Complete 
|  79|0x0000000084f00000, 0x0000000085000000, 0x0000000085000000|100%| O|  |TAMS 0x0000000085000000, 0x0000000085000000| Untracked 
|  80|0x0000000085000000, 0x0000000085100000, 0x0000000085100000|100%| O|  |TAMS 0x0000000085100000, 0x0000000085100000| Untracked 
|  81|0x0000000085100000, 0x0000000085200000, 0x0000000085200000|100%| O|  |TAMS 0x0000000085200000, 0x0000000085200000| Untracked 
|  82|0x0000000085200000, 0x0000000085300000, 0x0000000085300000|100%| O|  |TAMS 0x0000000085300000, 0x0000000085300000| Untracked 
|  83|0x0000000085300000, 0x0000000085400000, 0x0000000085400000|100%| O|  |TAMS 0x0000000085400000, 0x0000000085400000| Untracked 
|  84|0x0000000085400000, 0x0000000085500000, 0x0000000085500000|100%| O|  |TAMS 0x0000000085500000, 0x0000000085500000| Untracked 
|  85|0x0000000085500000, 0x0000000085600000, 0x0000000085600000|100%| O|  |TAMS 0x0000000085600000, 0x0000000085600000| Untracked 
|  86|0x0000000085600000, 0x0000000085700000, 0x0000000085700000|100%| O|  |TAMS 0x0000000085700000, 0x0000000085700000| Untracked 
|  87|0x0000000085700000, 0x0000000085800000, 0x0000000085800000|100%| O|  |TAMS 0x0000000085800000, 0x0000000085800000| Untracked 
|  88|0x0000000085800000, 0x0000000085900000, 0x0000000085900000|100%| O|  |TAMS 0x0000000085900000, 0x0000000085900000| Untracked 
|  89|0x0000000085900000, 0x0000000085a00000, 0x0000000085a00000|100%| O|  |TAMS 0x0000000085a00000, 0x0000000085a00000| Untracked 
|  90|0x0000000085a00000, 0x0000000085b00000, 0x0000000085b00000|100%| O|  |TAMS 0x0000000085b00000, 0x0000000085b00000| Untracked 
|  91|0x0000000085b00000, 0x0000000085c00000, 0x0000000085c00000|100%| O|  |TAMS 0x0000000085c00000, 0x0000000085c00000| Untracked 
|  92|0x0000000085c00000, 0x0000000085d00000, 0x0000000085d00000|100%| O|  |TAMS 0x0000000085d00000, 0x0000000085d00000| Untracked 
|  93|0x0000000085d00000, 0x0000000085e00000, 0x0000000085e00000|100%| O|  |TAMS 0x0000000085e00000, 0x0000000085e00000| Untracked 
|  94|0x0000000085e00000, 0x0000000085f00000, 0x0000000085f00000|100%| O|  |TAMS 0x0000000085f00000, 0x0000000085f00000| Untracked 
|  95|0x0000000085f00000, 0x0000000086000000, 0x0000000086000000|100%| O|  |TAMS 0x0000000086000000, 0x0000000086000000| Untracked 
|  96|0x0000000086000000, 0x0000000086100000, 0x0000000086100000|100%| O|  |TAMS 0x0000000086100000, 0x0000000086100000| Untracked 
|  97|0x0000000086100000, 0x0000000086200000, 0x0000000086200000|100%|HS|  |TAMS 0x0000000086200000, 0x0000000086200000| Complete 
|  98|0x0000000086200000, 0x0000000086300000, 0x0000000086300000|100%|HC|  |TAMS 0x0000000086300000, 0x0000000086300000| Complete 
|  99|0x0000000086300000, 0x0000000086400000, 0x0000000086400000|100%|HS|  |TAMS 0x0000000086400000, 0x0000000086400000| Complete 
| 100|0x0000000086400000, 0x0000000086500000, 0x0000000086500000|100%|HC|  |TAMS 0x0000000086500000, 0x0000000086500000| Complete 
| 101|0x0000000086500000, 0x0000000086600000, 0x0000000086600000|100%|HC|  |TAMS 0x0000000086600000, 0x0000000086600000| Complete 
| 102|0x0000000086600000, 0x0000000086700000, 0x0000000086700000|100%|HS|  |TAMS 0x0000000086700000, 0x0000000086700000| Complete 
| 103|0x0000000086700000, 0x0000000086800000, 0x0000000086800000|100%|HC|  |TAMS 0x0000000086800000, 0x0000000086800000| Complete 
| 104|0x0000000086800000, 0x0000000086900000, 0x0000000086900000|100%|HC|  |TAMS 0x0000000086900000, 0x0000000086900000| Complete 
| 105|0x0000000086900000, 0x0000000086a00000, 0x0000000086a00000|100%|HS|  |TAMS 0x0000000086a00000, 0x0000000086a00000| Complete 
| 106|0x0000000086a00000, 0x0000000086b00000, 0x0000000086b00000|100%|HC|  |TAMS 0x0000000086b00000, 0x0000000086b00000| Complete 
| 107|0x0000000086b00000, 0x0000000086c00000, 0x0000000086c00000|100%|HC|  |TAMS 0x0000000086c00000, 0x0000000086c00000| Complete 
| 108|0x0000000086c00000, 0x0000000086d00000, 0x0000000086d00000|100%|HC|  |TAMS 0x0000000086d00000, 0x0000000086d00000| Complete 
| 109|0x0000000086d00000, 0x0000000086e00000, 0x0000000086e00000|100%|HC|  |TAMS 0x0000000086e00000, 0x0000000086e00000| Complete 
| 110|0x0000000086e00000, 0x0000000086f00000, 0x0000000086f00000|100%|HC|  |TAMS 0x0000000086f00000, 0x0000000086f00000| Complete 
| 111|0x0000000086f00000, 0x0000000087000000, 0x0000000087000000|100%|HC|  |TAMS 0x0000000087000000, 0x0000000087000000| Complete 
| 112|0x0000000087000000, 0x0000000087100000, 0x0000000087100000|100%|HC|  |TAMS 0x0000000087100000, 0x0000000087100000| Complete 
| 113|0x0000000087100000, 0x0000000087200000, 0x0000000087200000|100%|HC|  |TAMS 0x0000000087200000, 0x0000000087200000| Complete 
| 114|0x0000000087200000, 0x0000000087300000, 0x0000000087300000|100%|HC|  |TAMS 0x0000000087300000, 0x0000000087300000| Complete 
| 115|0x0000000087300000, 0x0000000087400000, 0x0000000087400000|100%|HC|  |TAMS 0x0000000087400000, 0x0000000087400000| Complete 
| 116|0x0000000087400000, 0x0000000087500000, 0x0000000087500000|100%|HC|  |TAMS 0x0000000087500000, 0x0000000087500000| Complete 
| 117|0x0000000087500000, 0x0000000087600000, 0x0000000087600000|100%|HS|  |TAMS 0x0000000087600000, 0x0000000087600000| Complete 
| 118|0x0000000087600000, 0x0000000087700000, 0x0000000087700000|100%|HC|  |TAMS 0x0000000087700000, 0x0000000087700000| Complete 
| 119|0x0000000087700000, 0x0000000087800000, 0x0000000087800000|100%| O|  |TAMS 0x0000000087800000, 0x0000000087800000| Untracked 
| 120|0x0000000087800000, 0x0000000087900000, 0x0000000087900000|100%| O|  |TAMS 0x0000000087900000, 0x0000000087900000| Untracked 
| 121|0x0000000087900000, 0x0000000087a00000, 0x0000000087a00000|100%| O|  |TAMS 0x0000000087a00000, 0x0000000087a00000| Untracked 
| 122|0x0000000087a00000, 0x0000000087b00000, 0x0000000087b00000|100%| O|  |TAMS 0x0000000087b00000, 0x0000000087b00000| Untracked 
| 123|0x0000000087b00000, 0x0000000087c00000, 0x0000000087c00000|100%| O|  |TAMS 0x0000000087c00000, 0x0000000087c00000| Untracked 
| 124|0x0000000087c00000, 0x0000000087d00000, 0x0000000087d00000|100%| O|  |TAMS 0x0000000087c00000, 0x0000000087d00000| Untracked 
| 125|0x0000000087d00000, 0x0000000087e00000, 0x0000000087e00000|100%| O|  |TAMS 0x0000000087d00000, 0x0000000087e00000| Untracked 
| 126|0x0000000087e00000, 0x0000000087f00000, 0x0000000087f00000|100%| O|  |TAMS 0x0000000087f00000, 0x0000000087f00000| Untracked 
| 127|0x0000000087f00000, 0x0000000088000000, 0x0000000088000000|100%| O|  |TAMS 0x0000000087fc0e00, 0x0000000088000000| Untracked 
| 128|0x0000000088000000, 0x0000000088100000, 0x0000000088100000|100%| O|  |TAMS 0x0000000088000000, 0x0000000088100000| Untracked 
| 129|0x0000000088100000, 0x0000000088200000, 0x0000000088200000|100%| O|  |TAMS 0x0000000088100000, 0x0000000088200000| Untracked 
| 130|0x0000000088200000, 0x0000000088300000, 0x0000000088300000|100%| O|  |TAMS 0x0000000088200000, 0x0000000088300000| Untracked 
| 131|0x0000000088300000, 0x0000000088400000, 0x0000000088400000|100%| O|  |TAMS 0x0000000088400000, 0x0000000088400000| Untracked 
| 132|0x0000000088400000, 0x0000000088500000, 0x0000000088500000|100%| O|  |TAMS 0x0000000088500000, 0x0000000088500000| Untracked 
| 133|0x0000000088500000, 0x0000000088600000, 0x0000000088600000|100%| O|  |TAMS 0x0000000088600000, 0x0000000088600000| Untracked 
| 134|0x0000000088600000, 0x0000000088700000, 0x0000000088700000|100%| O|  |TAMS 0x0000000088700000, 0x0000000088700000| Untracked 
| 135|0x0000000088700000, 0x0000000088800000, 0x0000000088800000|100%| O|  |TAMS 0x0000000088800000, 0x0000000088800000| Untracked 
| 136|0x0000000088800000, 0x0000000088900000, 0x0000000088900000|100%| O|  |TAMS 0x0000000088900000, 0x0000000088900000| Untracked 
| 137|0x0000000088900000, 0x0000000088a00000, 0x0000000088a00000|100%| O|  |TAMS 0x0000000088900000, 0x0000000088a00000| Untracked 
| 138|0x0000000088a00000, 0x0000000088b00000, 0x0000000088b00000|100%| O|  |TAMS 0x0000000088a00000, 0x0000000088b00000| Untracked 
| 139|0x0000000088b00000, 0x0000000088c00000, 0x0000000088c00000|100%| O|  |TAMS 0x0000000088b00000, 0x0000000088c00000| Untracked 
| 140|0x0000000088c00000, 0x0000000088c00000, 0x0000000088d00000|  0%| F|  |TAMS 0x0000000088c00000, 0x0000000088c00000| Untracked 
| 141|0x0000000088d00000, 0x0000000088e00000, 0x0000000088e00000|100%| O|  |TAMS 0x0000000088d00000, 0x0000000088e00000| Untracked 
| 142|0x0000000088e00000, 0x0000000088f00000, 0x0000000088f00000|100%| O|  |TAMS 0x0000000088e00000, 0x0000000088f00000| Untracked 
| 143|0x0000000088f00000, 0x0000000089000000, 0x0000000089000000|100%| O|  |TAMS 0x0000000088f00000, 0x0000000089000000| Untracked 
| 144|0x0000000089000000, 0x0000000089100000, 0x0000000089100000|100%| O|  |TAMS 0x0000000089000000, 0x0000000089100000| Untracked 
| 145|0x0000000089100000, 0x0000000089100000, 0x0000000089200000|  0%| F|  |TAMS 0x0000000089100000, 0x0000000089100000| Untracked 
| 146|0x0000000089200000, 0x0000000089200000, 0x0000000089300000|  0%| F|  |TAMS 0x0000000089200000, 0x0000000089200000| Untracked 
| 147|0x0000000089300000, 0x0000000089300000, 0x0000000089400000|  0%| F|  |TAMS 0x0000000089300000, 0x0000000089300000| Untracked 
| 148|0x0000000089400000, 0x0000000089400000, 0x0000000089500000|  0%| F|  |TAMS 0x0000000089400000, 0x0000000089400000| Untracked 
| 149|0x0000000089500000, 0x0000000089500000, 0x0000000089600000|  0%| F|  |TAMS 0x0000000089500000, 0x0000000089500000| Untracked 
| 150|0x0000000089600000, 0x0000000089600000, 0x0000000089700000|  0%| F|  |TAMS 0x0000000089600000, 0x0000000089600000| Untracked 
| 151|0x0000000089700000, 0x0000000089700000, 0x0000000089800000|  0%| F|  |TAMS 0x0000000089700000, 0x0000000089700000| Untracked 
| 152|0x0000000089800000, 0x0000000089800000, 0x0000000089900000|  0%| F|  |TAMS 0x0000000089800000, 0x0000000089800000| Untracked 
| 153|0x0000000089900000, 0x0000000089900000, 0x0000000089a00000|  0%| F|  |TAMS 0x0000000089900000, 0x0000000089900000| Untracked 
| 154|0x0000000089a00000, 0x0000000089a00000, 0x0000000089b00000|  0%| F|  |TAMS 0x0000000089a00000, 0x0000000089a00000| Untracked 
| 155|0x0000000089b00000, 0x0000000089b00000, 0x0000000089c00000|  0%| F|  |TAMS 0x0000000089b00000, 0x0000000089b00000| Untracked 
| 156|0x0000000089c00000, 0x0000000089c00000, 0x0000000089d00000|  0%| F|  |TAMS 0x0000000089c00000, 0x0000000089c00000| Untracked 
| 157|0x0000000089d00000, 0x0000000089d00000, 0x0000000089e00000|  0%| F|  |TAMS 0x0000000089d00000, 0x0000000089d00000| Untracked 
| 158|0x0000000089e00000, 0x0000000089e00000, 0x0000000089f00000|  0%| F|  |TAMS 0x0000000089e00000, 0x0000000089e00000| Untracked 
| 159|0x0000000089f00000, 0x0000000089f00000, 0x000000008a000000|  0%| F|  |TAMS 0x0000000089f00000, 0x0000000089f00000| Untracked 
| 160|0x000000008a000000, 0x000000008a000000, 0x000000008a100000|  0%| F|  |TAMS 0x000000008a000000, 0x000000008a000000| Untracked 
| 161|0x000000008a100000, 0x000000008a100000, 0x000000008a200000|  0%| F|  |TAMS 0x000000008a100000, 0x000000008a100000| Untracked 
| 162|0x000000008a200000, 0x000000008a200000, 0x000000008a300000|  0%| F|  |TAMS 0x000000008a200000, 0x000000008a200000| Untracked 
| 163|0x000000008a300000, 0x000000008a300000, 0x000000008a400000|  0%| F|  |TAMS 0x000000008a300000, 0x000000008a300000| Untracked 
| 164|0x000000008a400000, 0x000000008a400000, 0x000000008a500000|  0%| F|  |TAMS 0x000000008a400000, 0x000000008a400000| Untracked 
| 165|0x000000008a500000, 0x000000008a500000, 0x000000008a600000|  0%| F|  |TAMS 0x000000008a500000, 0x000000008a500000| Untracked 
| 166|0x000000008a600000, 0x000000008a600000, 0x000000008a700000|  0%| F|  |TAMS 0x000000008a600000, 0x000000008a600000| Untracked 
| 167|0x000000008a700000, 0x000000008a700000, 0x000000008a800000|  0%| F|  |TAMS 0x000000008a700000, 0x000000008a700000| Untracked 
| 168|0x000000008a800000, 0x000000008a800000, 0x000000008a900000|  0%| F|  |TAMS 0x000000008a800000, 0x000000008a800000| Untracked 
| 169|0x000000008a900000, 0x000000008a900000, 0x000000008aa00000|  0%| F|  |TAMS 0x000000008a900000, 0x000000008a900000| Untracked 
| 170|0x000000008aa00000, 0x000000008aa00000, 0x000000008ab00000|  0%| F|  |TAMS 0x000000008aa00000, 0x000000008aa00000| Untracked 
| 171|0x000000008ab00000, 0x000000008ab00000, 0x000000008ac00000|  0%| F|  |TAMS 0x000000008ab00000, 0x000000008ab00000| Untracked 
| 172|0x000000008ac00000, 0x000000008ac00000, 0x000000008ad00000|  0%| F|  |TAMS 0x000000008ac00000, 0x000000008ac00000| Untracked 
| 173|0x000000008ad00000, 0x000000008ad00000, 0x000000008ae00000|  0%| F|  |TAMS 0x000000008ad00000, 0x000000008ad00000| Untracked 
| 174|0x000000008ae00000, 0x000000008ae00000, 0x000000008af00000|  0%| F|  |TAMS 0x000000008ae00000, 0x000000008ae00000| Untracked 
| 175|0x000000008af00000, 0x000000008af00000, 0x000000008b000000|  0%| F|  |TAMS 0x000000008af00000, 0x000000008af00000| Untracked 
| 176|0x000000008b000000, 0x000000008b000000, 0x000000008b100000|  0%| F|  |TAMS 0x000000008b000000, 0x000000008b000000| Untracked 
| 177|0x000000008b100000, 0x000000008b100000, 0x000000008b200000|  0%| F|  |TAMS 0x000000008b100000, 0x000000008b100000| Untracked 
| 178|0x000000008b200000, 0x000000008b200000, 0x000000008b300000|  0%| F|  |TAMS 0x000000008b200000, 0x000000008b200000| Untracked 
| 179|0x000000008b300000, 0x000000008b300000, 0x000000008b400000|  0%| F|  |TAMS 0x000000008b300000, 0x000000008b300000| Untracked 
| 180|0x000000008b400000, 0x000000008b400000, 0x000000008b500000|  0%| F|  |TAMS 0x000000008b400000, 0x000000008b400000| Untracked 
| 181|0x000000008b500000, 0x000000008b500000, 0x000000008b600000|  0%| F|  |TAMS 0x000000008b500000, 0x000000008b500000| Untracked 
| 182|0x000000008b600000, 0x000000008b6af4d0, 0x000000008b700000| 68%| S|CS|TAMS 0x000000008b600000, 0x000000008b600000| Complete 
| 183|0x000000008b700000, 0x000000008b800000, 0x000000008b800000|100%| S|CS|TAMS 0x000000008b700000, 0x000000008b700000| Complete 
| 184|0x000000008b800000, 0x000000008b900000, 0x000000008b900000|100%| S|CS|TAMS 0x000000008b800000, 0x000000008b800000| Complete 
| 185|0x000000008b900000, 0x000000008ba00000, 0x000000008ba00000|100%| S|CS|TAMS 0x000000008b900000, 0x000000008b900000| Complete 
| 186|0x000000008ba00000, 0x000000008bb00000, 0x000000008bb00000|100%| S|CS|TAMS 0x000000008ba00000, 0x000000008ba00000| Complete 
| 187|0x000000008bb00000, 0x000000008bc00000, 0x000000008bc00000|100%| S|CS|TAMS 0x000000008bb00000, 0x000000008bb00000| Complete 
| 188|0x000000008bc00000, 0x000000008bd00000, 0x000000008bd00000|100%| S|CS|TAMS 0x000000008bc00000, 0x000000008bc00000| Complete 
| 189|0x000000008bd00000, 0x000000008bd00000, 0x000000008be00000|  0%| F|  |TAMS 0x000000008bd00000, 0x000000008bd00000| Untracked 
| 190|0x000000008be00000, 0x000000008be00000, 0x000000008bf00000|  0%| F|  |TAMS 0x000000008be00000, 0x000000008be00000| Untracked 
| 191|0x000000008bf00000, 0x000000008bf00000, 0x000000008c000000|  0%| F|  |TAMS 0x000000008bf00000, 0x000000008bf00000| Untracked 
| 192|0x000000008c000000, 0x000000008c000000, 0x000000008c100000|  0%| F|  |TAMS 0x000000008c000000, 0x000000008c000000| Untracked 
| 193|0x000000008c100000, 0x000000008c100000, 0x000000008c200000|  0%| F|  |TAMS 0x000000008c100000, 0x000000008c100000| Untracked 
| 194|0x000000008c200000, 0x000000008c200000, 0x000000008c300000|  0%| F|  |TAMS 0x000000008c200000, 0x000000008c200000| Untracked 
| 195|0x000000008c300000, 0x000000008c300000, 0x000000008c400000|  0%| F|  |TAMS 0x000000008c300000, 0x000000008c300000| Untracked 
| 196|0x000000008c400000, 0x000000008c400000, 0x000000008c500000|  0%| F|  |TAMS 0x000000008c400000, 0x000000008c400000| Untracked 
| 197|0x000000008c500000, 0x000000008c500000, 0x000000008c600000|  0%| F|  |TAMS 0x000000008c500000, 0x000000008c500000| Untracked 
| 198|0x000000008c600000, 0x000000008c600000, 0x000000008c700000|  0%| F|  |TAMS 0x000000008c600000, 0x000000008c600000| Untracked 
| 199|0x000000008c700000, 0x000000008c700000, 0x000000008c800000|  0%| F|  |TAMS 0x000000008c700000, 0x000000008c700000| Untracked 
| 200|0x000000008c800000, 0x000000008c800000, 0x000000008c900000|  0%| F|  |TAMS 0x000000008c800000, 0x000000008c800000| Untracked 
| 201|0x000000008c900000, 0x000000008c900000, 0x000000008ca00000|  0%| F|  |TAMS 0x000000008c900000, 0x000000008c900000| Untracked 
| 202|0x000000008ca00000, 0x000000008ca00000, 0x000000008cb00000|  0%| F|  |TAMS 0x000000008ca00000, 0x000000008ca00000| Untracked 
| 203|0x000000008cb00000, 0x000000008cb00000, 0x000000008cc00000|  0%| F|  |TAMS 0x000000008cb00000, 0x000000008cb00000| Untracked 
| 204|0x000000008cc00000, 0x000000008cc00000, 0x000000008cd00000|  0%| F|  |TAMS 0x000000008cc00000, 0x000000008cc00000| Untracked 
| 205|0x000000008cd00000, 0x000000008cd00000, 0x000000008ce00000|  0%| F|  |TAMS 0x000000008cd00000, 0x000000008cd00000| Untracked 
| 206|0x000000008ce00000, 0x000000008ce00000, 0x000000008cf00000|  0%| F|  |TAMS 0x000000008ce00000, 0x000000008ce00000| Untracked 
| 207|0x000000008cf00000, 0x000000008cf00000, 0x000000008d000000|  0%| F|  |TAMS 0x000000008cf00000, 0x000000008cf00000| Untracked 
| 208|0x000000008d000000, 0x000000008d000000, 0x000000008d100000|  0%| F|  |TAMS 0x000000008d000000, 0x000000008d000000| Untracked 
| 209|0x000000008d100000, 0x000000008d100000, 0x000000008d200000|  0%| F|  |TAMS 0x000000008d100000, 0x000000008d100000| Untracked 
| 210|0x000000008d200000, 0x000000008d200000, 0x000000008d300000|  0%| F|  |TAMS 0x000000008d200000, 0x000000008d200000| Untracked 
| 211|0x000000008d300000, 0x000000008d300000, 0x000000008d400000|  0%| F|  |TAMS 0x000000008d300000, 0x000000008d300000| Untracked 
| 212|0x000000008d400000, 0x000000008d400000, 0x000000008d500000|  0%| F|  |TAMS 0x000000008d400000, 0x000000008d400000| Untracked 
| 213|0x000000008d500000, 0x000000008d500000, 0x000000008d600000|  0%| F|  |TAMS 0x000000008d500000, 0x000000008d500000| Untracked 
| 214|0x000000008d600000, 0x000000008d600000, 0x000000008d700000|  0%| F|  |TAMS 0x000000008d600000, 0x000000008d600000| Untracked 
| 215|0x000000008d700000, 0x000000008d700000, 0x000000008d800000|  0%| F|  |TAMS 0x000000008d700000, 0x000000008d700000| Untracked 
| 216|0x000000008d800000, 0x000000008d800000, 0x000000008d900000|  0%| F|  |TAMS 0x000000008d800000, 0x000000008d800000| Untracked 
| 217|0x000000008d900000, 0x000000008d900000, 0x000000008da00000|  0%| F|  |TAMS 0x000000008d900000, 0x000000008d900000| Untracked 
| 218|0x000000008da00000, 0x000000008da00000, 0x000000008db00000|  0%| F|  |TAMS 0x000000008da00000, 0x000000008da00000| Untracked 
| 219|0x000000008db00000, 0x000000008db00000, 0x000000008dc00000|  0%| F|  |TAMS 0x000000008db00000, 0x000000008db00000| Untracked 
| 220|0x000000008dc00000, 0x000000008dc00000, 0x000000008dd00000|  0%| F|  |TAMS 0x000000008dc00000, 0x000000008dc00000| Untracked 
| 221|0x000000008dd00000, 0x000000008dd00000, 0x000000008de00000|  0%| F|  |TAMS 0x000000008dd00000, 0x000000008dd00000| Untracked 
| 222|0x000000008de00000, 0x000000008de00000, 0x000000008df00000|  0%| F|  |TAMS 0x000000008de00000, 0x000000008de00000| Untracked 
| 223|0x000000008df00000, 0x000000008df00000, 0x000000008e000000|  0%| F|  |TAMS 0x000000008df00000, 0x000000008df00000| Untracked 
| 224|0x000000008e000000, 0x000000008e000000, 0x000000008e100000|  0%| F|  |TAMS 0x000000008e000000, 0x000000008e000000| Untracked 
| 225|0x000000008e100000, 0x000000008e100000, 0x000000008e200000|  0%| F|  |TAMS 0x000000008e100000, 0x000000008e100000| Untracked 
| 226|0x000000008e200000, 0x000000008e200000, 0x000000008e300000|  0%| F|  |TAMS 0x000000008e200000, 0x000000008e200000| Untracked 
| 227|0x000000008e300000, 0x000000008e300000, 0x000000008e400000|  0%| F|  |TAMS 0x000000008e300000, 0x000000008e300000| Untracked 
| 228|0x000000008e400000, 0x000000008e400000, 0x000000008e500000|  0%| F|  |TAMS 0x000000008e400000, 0x000000008e400000| Untracked 
| 229|0x000000008e500000, 0x000000008e500000, 0x000000008e600000|  0%| F|  |TAMS 0x000000008e500000, 0x000000008e500000| Untracked 
| 230|0x000000008e600000, 0x000000008e600000, 0x000000008e700000|  0%| F|  |TAMS 0x000000008e600000, 0x000000008e600000| Untracked 
| 231|0x000000008e700000, 0x000000008e700000, 0x000000008e800000|  0%| F|  |TAMS 0x000000008e700000, 0x000000008e700000| Untracked 
| 232|0x000000008e800000, 0x000000008e800000, 0x000000008e900000|  0%| F|  |TAMS 0x000000008e800000, 0x000000008e800000| Untracked 
| 233|0x000000008e900000, 0x000000008e900000, 0x000000008ea00000|  0%| F|  |TAMS 0x000000008e900000, 0x000000008e900000| Untracked 
| 234|0x000000008ea00000, 0x000000008ea00000, 0x000000008eb00000|  0%| F|  |TAMS 0x000000008ea00000, 0x000000008ea00000| Untracked 
| 235|0x000000008eb00000, 0x000000008eb00000, 0x000000008ec00000|  0%| F|  |TAMS 0x000000008eb00000, 0x000000008eb00000| Untracked 
| 236|0x000000008ec00000, 0x000000008ec00000, 0x000000008ed00000|  0%| F|  |TAMS 0x000000008ec00000, 0x000000008ec00000| Untracked 
| 237|0x000000008ed00000, 0x000000008ed00000, 0x000000008ee00000|  0%| F|  |TAMS 0x000000008ed00000, 0x000000008ed00000| Untracked 
| 238|0x000000008ee00000, 0x000000008ee00000, 0x000000008ef00000|  0%| F|  |TAMS 0x000000008ee00000, 0x000000008ee00000| Untracked 
| 239|0x000000008ef00000, 0x000000008ef00000, 0x000000008f000000|  0%| F|  |TAMS 0x000000008ef00000, 0x000000008ef00000| Untracked 
| 240|0x000000008f000000, 0x000000008f000000, 0x000000008f100000|  0%| F|  |TAMS 0x000000008f000000, 0x000000008f000000| Untracked 
| 241|0x000000008f100000, 0x000000008f100000, 0x000000008f200000|  0%| F|  |TAMS 0x000000008f100000, 0x000000008f100000| Untracked 
| 242|0x000000008f200000, 0x000000008f200000, 0x000000008f300000|  0%| F|  |TAMS 0x000000008f200000, 0x000000008f200000| Untracked 
| 243|0x000000008f300000, 0x000000008f300000, 0x000000008f400000|  0%| F|  |TAMS 0x000000008f300000, 0x000000008f300000| Untracked 

Card table byte_map: [0x000001b1737f0000,0x000001b173bf0000] _byte_map_base: 0x000001b1733f0000

Marking Bits (Prev, Next): (CMBitMap*) 0x000001b160e669f0, (CMBitMap*) 0x000001b160e669b0
 Prev Bits: [0x000001b175ff0000, 0x000001b177ff0000)
 Next Bits: [0x000001b173ff0000, 0x000001b175ff0000)

Polling page: 0x000001b1605e0000

Metaspace:

Usage:
  Non-class:     80.19 MB used.
      Class:     12.34 MB used.
       Both:     92.53 MB used.

Virtual space:
  Non-class space:       88.00 MB reserved,      80.62 MB ( 92%) committed,  11 nodes.
      Class space:        1.00 GB reserved,      12.62 MB (  1%) committed,  1 nodes.
             Both:        1.09 GB reserved,      93.25 MB (  8%) committed. 

Chunk freelists:
   Non-Class:  2.86 MB
       Class:  3.40 MB
        Both:  6.26 MB

MaxMetaspaceSize: unlimited
CompressedClassSpaceSize: 1.00 GB
Initial GC threshold: 21.00 MB
Current GC threshold: 152.19 MB
CDS: off
MetaspaceReclaimPolicy: balanced
 - commit_granule_bytes: 65536.
 - commit_granule_words: 8192.
 - virtual_space_node_default_size: 1048576.
 - enlarge_chunks_in_place: 1.
 - new_chunks_are_fully_committed: 0.
 - uncommit_free_chunks: 1.
 - use_allocation_guard: 0.
 - handle_deallocations: 1.


Internal statistics:

num_allocs_failed_limit: 6.
num_arena_births: 928.
num_arena_deaths: 0.
num_vsnodes_births: 12.
num_vsnodes_deaths: 0.
num_space_committed: 1492.
num_space_uncommitted: 0.
num_chunks_returned_to_freelist: 6.
num_chunks_taken_from_freelist: 4559.
num_chunk_merges: 3.
num_chunk_splits: 2925.
num_chunks_enlarged: 1855.
num_purges: 0.
num_inconsistent_stats: 0.

CodeHeap 'non-profiled nmethods': size=120000Kb used=5641Kb max_used=5800Kb free=114359Kb
 bounds [0x000001b16bdb0000, 0x000001b16c360000, 0x000001b1732e0000]
CodeHeap 'profiled nmethods': size=120000Kb used=18601Kb max_used=18601Kb free=101398Kb
 bounds [0x000001b1642e0000, 0x000001b165510000, 0x000001b16b810000]
CodeHeap 'non-nmethods': size=5760Kb used=2390Kb max_used=2492Kb free=3370Kb
 bounds [0x000001b16b810000, 0x000001b16baa0000, 0x000001b16bdb0000]
 total_blobs=10491 nmethods=9568 adapters=834
 compilation: enabled
              stopped_count=0, restarted_count=0
 full_count=0

Compilation events (20 events):
Event: 34.242 Thread 0x000001b17b467410 11022       1       org.gradle.api.internal.artifacts.transform.TransformationSubject$SubsequentTransformationSubject::getFiles (5 bytes)
Event: 34.242 Thread 0x000001b17b467410 nmethod 11022 0x000001b16c200490 code [0x000001b16c200620, 0x000001b16c2006f8]
Event: 34.246 Thread 0x000001b17b466a60 11023       4       org.gradle.internal.snapshot.VfsRelativePath::length (13 bytes)
Event: 34.246 Thread 0x000001b17b466a60 nmethod 11023 0x000001b16c200190 code [0x000001b16c200300, 0x000001b16c2003b8]
Event: 34.246 Thread 0x000001b17b466a60 11024       4       com.google.common.collect.ImmutableSortedMap::of (4 bytes)
Event: 34.247 Thread 0x000001b17b466a60 nmethod 11024 0x000001b16c1ffe90 code [0x000001b16c200000, 0x000001b16c200058]
Event: 34.247 Thread 0x000001b17b467410 11025       3       sun.nio.ch.IOUtil::read (14 bytes)
Event: 34.247 Thread 0x000001b17b467410 nmethod 11025 0x000001b165509790 code [0x000001b165509920, 0x000001b165509a48]
Event: 34.247 Thread 0x000001b17b467410 11028       3       sun.nio.ch.IOStatus::normalize (12 bytes)
Event: 34.247 Thread 0x000001b17b467410 nmethod 11028 0x000001b165509b10 code [0x000001b165509ca0, 0x000001b165509e18]
Event: 34.247 Thread 0x000001b17b467410 11026   !   3       sun.nio.ch.FileChannelImpl::read (266 bytes)
Event: 34.248 Thread 0x000001b17b466a60 11030   !   4       com.esotericsoftware.kryo.io.Output::flush (57 bytes)
Event: 34.248 Thread 0x000001b17b467410 nmethod 11026 0x000001b165509e90 code [0x000001b16550a1a0, 0x000001b16550b1e8]
Event: 34.248 Thread 0x000001b17b467410 11029       1       org.gradle.internal.fingerprint.classpath.impl.ClasspathFingerprintingStrategy::normalizePath (3 bytes)
Event: 34.249 Thread 0x000001b17b467410 nmethod 11029 0x000001b16c1ff790 code [0x000001b16c1ff920, 0x000001b16c1ff9f8]
Event: 34.249 Thread 0x000001b17b466a60 nmethod 11030 0x000001b16c1ff410 code [0x000001b16c1ff5a0, 0x000001b16c1ff698]
Event: 34.250 Thread 0x000001b17b467410 11031       3       com.google.common.collect.SortedIterables::comparator (17 bytes)
Event: 34.250 Thread 0x000001b17b467410 nmethod 11031 0x000001b16550ba10 code [0x000001b16550bbc0, 0x000001b16550be08]
Event: 34.250 Thread 0x000001b17b467410 11032       3       com.google.common.collect.SortedIterables::hasSameComparator (58 bytes)
Event: 34.251 Thread 0x000001b17b467410 nmethod 11032 0x000001b16550bf10 code [0x000001b16550c160, 0x000001b16550cd38]

GC Heap History (20 events):
Event: 29.364 GC heap after
{Heap after GC invocations=49 (full 0):
 garbage-first heap   total 187392K, used 98630K [0x0000000080000000, 0x0000000100000000)
  region size 1024K, 1 young (1024K), 1 survivors (1024K)
 Metaspace       used 73883K, committed 74560K, reserved 1114112K
  class space    used 9779K, committed 10112K, reserved 1048576K
}
Event: 30.476 GC heap before
{Heap before GC invocations=49 (full 0):
 garbage-first heap   total 187392K, used 144710K [0x0000000080000000, 0x0000000100000000)
  region size 1024K, 46 young (47104K), 1 survivors (1024K)
 Metaspace       used 76853K, committed 77568K, reserved 1122304K
  class space    used 10276K, committed 10624K, reserved 1048576K
}
Event: 30.484 GC heap after
{Heap after GC invocations=50 (full 0):
 garbage-first heap   total 187392K, used 103784K [0x0000000080000000, 0x0000000100000000)
  region size 1024K, 6 young (6144K), 6 survivors (6144K)
 Metaspace       used 76853K, committed 77568K, reserved 1122304K
  class space    used 10276K, committed 10624K, reserved 1048576K
}
Event: 31.218 GC heap before
{Heap before GC invocations=51 (full 0):
 garbage-first heap   total 187392K, used 169320K [0x0000000080000000, 0x0000000100000000)
  region size 1024K, 49 young (50176K), 6 survivors (6144K)
 Metaspace       used 80483K, committed 81152K, reserved 1122304K
  class space    used 10805K, committed 11072K, reserved 1048576K
}
Event: 31.226 GC heap after
{Heap after GC invocations=52 (full 0):
 garbage-first heap   total 187392K, used 135545K [0x0000000080000000, 0x0000000100000000)
  region size 1024K, 7 young (7168K), 7 survivors (7168K)
 Metaspace       used 80483K, committed 81152K, reserved 1122304K
  class space    used 10805K, committed 11072K, reserved 1048576K
}
Event: 31.237 GC heap before
{Heap before GC invocations=52 (full 0):
 garbage-first heap   total 187392K, used 137593K [0x0000000080000000, 0x0000000100000000)
  region size 1024K, 9 young (9216K), 7 survivors (7168K)
 Metaspace       used 80562K, committed 81216K, reserved 1122304K
  class space    used 10816K, committed 11072K, reserved 1048576K
}
Event: 31.242 GC heap after
{Heap after GC invocations=53 (full 0):
 garbage-first heap   total 187392K, used 136856K [0x0000000080000000, 0x0000000100000000)
  region size 1024K, 1 young (1024K), 1 survivors (1024K)
 Metaspace       used 80562K, committed 81216K, reserved 1122304K
  class space    used 10816K, committed 11072K, reserved 1048576K
}
Event: 31.480 GC heap before
{Heap before GC invocations=53 (full 0):
 garbage-first heap   total 187392K, used 156312K [0x0000000080000000, 0x0000000100000000)
  region size 1024K, 21 young (21504K), 1 survivors (1024K)
 Metaspace       used 81831K, committed 82496K, reserved 1122304K
  class space    used 10961K, committed 11264K, reserved 1048576K
}
Event: 31.482 GC heap after
{Heap after GC invocations=54 (full 0):
 garbage-first heap   total 187392K, used 137658K [0x0000000080000000, 0x0000000100000000)
  region size 1024K, 2 young (2048K), 2 survivors (2048K)
 Metaspace       used 81831K, committed 82496K, reserved 1122304K
  class space    used 10961K, committed 11264K, reserved 1048576K
}
Event: 31.812 GC heap before
{Heap before GC invocations=55 (full 0):
 garbage-first heap   total 237568K, used 159162K [0x0000000080000000, 0x0000000100000000)
  region size 1024K, 22 young (22528K), 2 survivors (2048K)
 Metaspace       used 85431K, committed 86080K, reserved 1130496K
  class space    used 11365K, committed 11648K, reserved 1048576K
}
Event: 31.816 GC heap after
{Heap after GC invocations=56 (full 0):
 garbage-first heap   total 237568K, used 138179K [0x0000000080000000, 0x0000000100000000)
  region size 1024K, 3 young (3072K), 3 survivors (3072K)
 Metaspace       used 85431K, committed 86080K, reserved 1130496K
  class space    used 11365K, committed 11648K, reserved 1048576K
}
Event: 31.929 GC heap before
{Heap before GC invocations=56 (full 0):
 garbage-first heap   total 237568K, used 146371K [0x0000000080000000, 0x0000000100000000)
  region size 1024K, 11 young (11264K), 3 survivors (3072K)
 Metaspace       used 86363K, committed 87104K, reserved 1130496K
  class space    used 11546K, committed 11904K, reserved 1048576K
}
Event: 31.931 GC heap after
{Heap after GC invocations=57 (full 0):
 garbage-first heap   total 237568K, used 138517K [0x0000000080000000, 0x0000000100000000)
  region size 1024K, 2 young (2048K), 2 survivors (2048K)
 Metaspace       used 86363K, committed 87104K, reserved 1130496K
  class space    used 11546K, committed 11904K, reserved 1048576K
}
Event: 32.659 GC heap before
{Heap before GC invocations=57 (full 0):
 garbage-first heap   total 237568K, used 193813K [0x0000000080000000, 0x0000000100000000)
  region size 1024K, 56 young (57344K), 2 survivors (2048K)
 Metaspace       used 92514K, committed 93184K, reserved 1130496K
  class space    used 12313K, committed 12608K, reserved 1048576K
}
Event: 32.666 GC heap after
{Heap after GC invocations=58 (full 0):
 garbage-first heap   total 237568K, used 143093K [0x0000000080000000, 0x0000000100000000)
  region size 1024K, 6 young (6144K), 6 survivors (6144K)
 Metaspace       used 92514K, committed 93184K, reserved 1130496K
  class space    used 12313K, committed 12608K, reserved 1048576K
}
Event: 33.735 GC heap before
{Heap before GC invocations=59 (full 0):
 garbage-first heap   total 249856K, used 193269K [0x0000000080000000, 0x0000000100000000)
  region size 1024K, 57 young (58368K), 6 survivors (6144K)
 Metaspace       used 94588K, committed 95232K, reserved 1138688K
  class space    used 12632K, committed 12928K, reserved 1048576K
}
Event: 33.747 GC heap after
{Heap after GC invocations=60 (full 0):
 garbage-first heap   total 249856K, used 149686K [0x0000000080000000, 0x0000000100000000)
  region size 1024K, 8 young (8192K), 8 survivors (8192K)
 Metaspace       used 94588K, committed 95232K, reserved 1138688K
  class space    used 12632K, committed 12928K, reserved 1048576K
}
Event: 33.833 GC heap before
{Heap before GC invocations=60 (full 0):
 garbage-first heap   total 249856K, used 152758K [0x0000000080000000, 0x0000000100000000)
  region size 1024K, 12 young (12288K), 8 survivors (8192K)
 Metaspace       used 94594K, committed 95296K, reserved 1138688K
  class space    used 12632K, committed 12928K, reserved 1048576K
}
Event: 33.846 GC heap after
{Heap after GC invocations=61 (full 0):
 garbage-first heap   total 249856K, used 149504K [0x0000000080000000, 0x0000000100000000)
  region size 1024K, 2 young (2048K), 2 survivors (2048K)
 Metaspace       used 94594K, committed 95296K, reserved 1138688K
  class space    used 12632K, committed 12928K, reserved 1048576K
}
Event: 34.252 GC heap before
{Heap before GC invocations=61 (full 0):
 garbage-first heap   total 249856K, used 202752K [0x0000000080000000, 0x0000000100000000)
  region size 1024K, 55 young (56320K), 2 survivors (2048K)
 Metaspace       used 94754K, committed 95488K, reserved 1138688K
  class space    used 12636K, committed 12928K, reserved 1048576K
}

Dll operation events (2 events):
Event: 0.160 Loaded shared library C:\Program Files\Android\Android Studio\jbr\bin\java.dll
Event: 0.789 Loaded shared library C:\Program Files\Android\Android Studio\jbr\bin\verify.dll

Deoptimization events (20 events):
Event: 34.053 Thread 0x000001b17cdcff00 Uncommon trap: trap_request=0xffffff45 fr.pc=0x000001b16c124b74 relative=0x0000000000000174
Event: 34.053 Thread 0x000001b17cdcff00 Uncommon trap: reason=unstable_if action=reinterpret pc=0x000001b16c124b74 method=java.util.concurrent.locks.ReentrantLock$Sync.tryLock()Z @ 34 c2
Event: 34.053 Thread 0x000001b17cdcff00 DEOPT PACKING pc=0x000001b16c124b74 sp=0x00000042b65fe450
Event: 34.053 Thread 0x000001b17cdcff00 DEOPT UNPACKING pc=0x000001b16b8669a3 sp=0x00000042b65fe400 mode 2
Event: 34.142 Thread 0x000001b17cdd2a50 Uncommon trap: trap_request=0xffffff45 fr.pc=0x000001b16bfb5394 relative=0x0000000000000354
Event: 34.142 Thread 0x000001b17cdd2a50 Uncommon trap: reason=unstable_if action=reinterpret pc=0x000001b16bfb5394 method=java.util.concurrent.ConcurrentHashMap.addCount(JI)V @ 171 c2
Event: 34.142 Thread 0x000001b17cdd2a50 DEOPT PACKING pc=0x000001b16bfb5394 sp=0x00000042b63fdad0
Event: 34.142 Thread 0x000001b17cdd2a50 DEOPT UNPACKING pc=0x000001b16b8669a3 sp=0x00000042b63fda10 mode 2
Event: 34.142 Thread 0x000001b17cdd2a50 Uncommon trap: trap_request=0xffffff45 fr.pc=0x000001b16be6dcf4 relative=0x0000000000001494
Event: 34.142 Thread 0x000001b17cdd2580 Uncommon trap: trap_request=0xffffff45 fr.pc=0x000001b16be6dcf4 relative=0x0000000000001494
Event: 34.142 Thread 0x000001b17cdd2580 Uncommon trap: reason=unstable_if action=reinterpret pc=0x000001b16be6dcf4 method=java.util.concurrent.ConcurrentHashMap.transfer([Ljava/util/concurrent/ConcurrentHashMap$Node;[Ljava/util/concurrent/ConcurrentHashMap$Node;)V @ 34 c2
Event: 34.142 Thread 0x000001b17cdd2580 DEOPT PACKING pc=0x000001b16be6dcf4 sp=0x00000042b60fdac0
Event: 34.142 Thread 0x000001b17cdd2580 DEOPT UNPACKING pc=0x000001b16b8669a3 sp=0x00000042b60fda70 mode 2
Event: 34.142 Thread 0x000001b17cdd2a50 Uncommon trap: reason=unstable_if action=reinterpret pc=0x000001b16be6dcf4 method=java.util.concurrent.ConcurrentHashMap.transfer([Ljava/util/concurrent/ConcurrentHashMap$Node;[Ljava/util/concurrent/ConcurrentHashMap$Node;)V @ 34 c2
Event: 34.142 Thread 0x000001b17cdd2a50 DEOPT PACKING pc=0x000001b16be6dcf4 sp=0x00000042b63fd920
Event: 34.142 Thread 0x000001b17cdd2a50 DEOPT UNPACKING pc=0x000001b16b8669a3 sp=0x00000042b63fd8d0 mode 2
Event: 34.195 Thread 0x000001b17d986360 Uncommon trap: trap_request=0xffffff45 fr.pc=0x000001b16be6dbc8 relative=0x0000000000001368
Event: 34.195 Thread 0x000001b17d986360 Uncommon trap: reason=unstable_if action=reinterpret pc=0x000001b16be6dbc8 method=java.util.concurrent.ConcurrentHashMap.transfer([Ljava/util/concurrent/ConcurrentHashMap$Node;[Ljava/util/concurrent/ConcurrentHashMap$Node;)V @ 347 c2
Event: 34.195 Thread 0x000001b17d986360 DEOPT PACKING pc=0x000001b16be6dbc8 sp=0x00000042b66fd7b0
Event: 34.195 Thread 0x000001b17d986360 DEOPT UNPACKING pc=0x000001b16b8669a3 sp=0x00000042b66fd730 mode 2

Classes unloaded (0 events):
No events

Classes redefined (0 events):
No events

Internal exceptions (20 events):
Event: 31.800 Thread 0x000001b17d985e90 Exception <a 'java/lang/NullPointerException'{0x000000008d778f88}> (0x000000008d778f88) 
thrown [s\src\hotspot\share\interpreter\linkResolver.cpp, line 1447]
Event: 31.876 Thread 0x000001b17d985e90 Implicit null exception at 0x000001b16c18fb6d to 0x000001b16c190240
Event: 32.037 Thread 0x000001b17d985e90 Exception <a 'sun/nio/fs/WindowsException'{0x000000008e3e3ea0}> (0x000000008e3e3ea0) 
thrown [s\src\hotspot\share\prims\jni.cpp, line 517]
Event: 32.037 Thread 0x000001b17d985e90 Exception <a 'sun/nio/fs/WindowsException'{0x000000008e3e5228}> (0x000000008e3e5228) 
thrown [s\src\hotspot\share\prims\jni.cpp, line 517]
Event: 32.037 Thread 0x000001b17d985e90 Exception <a 'sun/nio/fs/WindowsException'{0x000000008e3e6600}> (0x000000008e3e6600) 
thrown [s\src\hotspot\share\prims\jni.cpp, line 517]
Event: 32.037 Thread 0x000001b17d985e90 Exception <a 'sun/nio/fs/WindowsException'{0x000000008e3e79d8}> (0x000000008e3e79d8) 
thrown [s\src\hotspot\share\prims\jni.cpp, line 517]
Event: 32.235 Thread 0x000001b17d985e90 Exception <a 'sun/nio/fs/WindowsException'{0x000000008d45b080}> (0x000000008d45b080) 
thrown [s\src\hotspot\share\prims\jni.cpp, line 517]
Event: 32.235 Thread 0x000001b17d985e90 Exception <a 'sun/nio/fs/WindowsException'{0x000000008d45c408}> (0x000000008d45c408) 
thrown [s\src\hotspot\share\prims\jni.cpp, line 517]
Event: 32.235 Thread 0x000001b17d985e90 Exception <a 'sun/nio/fs/WindowsException'{0x000000008d45d7e0}> (0x000000008d45d7e0) 
thrown [s\src\hotspot\share\prims\jni.cpp, line 517]
Event: 32.235 Thread 0x000001b17d985e90 Exception <a 'sun/nio/fs/WindowsException'{0x000000008d45ebb8}> (0x000000008d45ebb8) 
thrown [s\src\hotspot\share\prims\jni.cpp, line 517]
Event: 32.316 Thread 0x000001b17d985e90 Exception <a 'java/lang/reflect/InvocationTargetException'{0x000000008cf9cc08}> (0x000000008cf9cc08) 
thrown [s\src\hotspot\share\runtime\reflection.cpp, line 1127]
Event: 32.392 Thread 0x000001b17d985e90 Implicit null exception at 0x000001b16c29d003 to 0x000001b16c29f988
Event: 32.666 Thread 0x000001b17a82f9b0 Implicit null exception at 0x000001b16c296e80 to 0x000001b16c297648
Event: 32.758 Thread 0x000001b17d985e90 Exception <a 'java/lang/NoSuchMethodError'{0x000000008f3a3ab0}: 'java.lang.Object java.lang.invoke.DirectMethodHandle$Holder.invokeStatic(java.lang.Object, java.lang.Object, int, int)'> (0x000000008f3a3ab0) 
thrown [s\src\hotspot\share\interpreter\linkResolver.cpp, line 771]
Event: 32.759 Thread 0x000001b17d985e90 Exception <a 'java/lang/NoSuchMethodError'{0x000000008f3ac560}: 'java.lang.Object java.lang.invoke.DirectMethodHandle$Holder.newInvokeSpecial(java.lang.Object, java.lang.Object, int, int)'> (0x000000008f3ac560) 
thrown [s\src\hotspot\share\interpreter\linkResolver.cpp, line 771]
Event: 33.293 Thread 0x000001b17cdd2f20 Exception <a 'java/lang/NoSuchMethodError'{0x000000008d513170}: 'java.lang.Object java.lang.invoke.DirectMethodHandle$Holder.invokeSpecialIFC(java.lang.Object, java.lang.Object, java.lang.Object)'> (0x000000008d513170) 
thrown [s\src\hotspot\share\interpreter\linkResolver.cpp, line 771]
Event: 33.293 Thread 0x000001b17d986360 Exception <a 'java/lang/NoSuchMethodError'{0x000000008d50b840}: 'java.lang.Object java.lang.invoke.DirectMethodHandle$Holder.invokeSpecialIFC(java.lang.Object, java.lang.Object, java.lang.Object)'> (0x000000008d50b840) 
thrown [s\src\hotspot\share\interpreter\linkResolver.cpp, line 771]
Event: 33.387 Thread 0x000001b17d986360 Exception <a 'java/lang/NoSuchMethodError'{0x000000008d20ac40}: 'int java.lang.invoke.DirectMethodHandle$Holder.invokeStaticInit(java.lang.Object, java.lang.Object, java.lang.Object, java.lang.Object, java.lang.Object)'> (0x000000008d20ac40) 
thrown [s\src\hotspot\share\interpreter\linkResolver.cpp, line 771]
Event: 34.054 Thread 0x000001b17cdcff00 Exception <a 'java/lang/NoSuchMethodError'{0x000000008d758ac0}: 'void java.lang.invoke.DirectMethodHandle$Holder.invokeVirtual(java.lang.Object, java.lang.Object)'> (0x000000008d758ac0) 
thrown [s\src\hotspot\share\interpreter\linkResolver.cpp, line 771]
Event: 34.054 Thread 0x000001b17cdd2f20 Exception <a 'java/lang/NoSuchMethodError'{0x000000008d419ed0}: 'void java.lang.invoke.DirectMethodHandle$Holder.invokeVirtual(java.lang.Object, java.lang.Object)'> (0x000000008d419ed0) 
thrown [s\src\hotspot\share\interpreter\linkResolver.cpp, line 771]

VM Operations (20 events):
Event: 32.919 Executing VM operation: HandshakeAllThreads done
Event: 32.922 Executing VM operation: HandshakeAllThreads
Event: 32.922 Executing VM operation: HandshakeAllThreads done
Event: 33.039 Executing VM operation: ICBufferFull
Event: 33.039 Executing VM operation: ICBufferFull done
Event: 33.211 Executing VM operation: ICBufferFull
Event: 33.211 Executing VM operation: ICBufferFull done
Event: 33.263 Executing VM operation: HandshakeAllThreads
Event: 33.263 Executing VM operation: HandshakeAllThreads done
Event: 33.272 Executing VM operation: HandshakeAllThreads
Event: 33.272 Executing VM operation: HandshakeAllThreads done
Event: 33.392 Executing VM operation: ICBufferFull
Event: 33.393 Executing VM operation: ICBufferFull done
Event: 33.735 Executing VM operation: G1CollectForAllocation
Event: 33.747 Executing VM operation: G1CollectForAllocation done
Event: 33.832 Executing VM operation: G1CollectForAllocation
Event: 33.846 Executing VM operation: G1CollectForAllocation done
Event: 34.132 Executing VM operation: ICBufferFull
Event: 34.133 Executing VM operation: ICBufferFull done
Event: 34.252 Executing VM operation: G1CollectForAllocation

Events (20 events):
Event: 32.879 Thread 0x000001b17b46bd30 flushing nmethod 0x000001b16530f210
Event: 32.880 Thread 0x000001b17b46bd30 flushing nmethod 0x000001b165360a90
Event: 32.880 Thread 0x000001b17b46bd30 flushing nmethod 0x000001b165360f10
Event: 32.880 Thread 0x000001b17b46bd30 flushing nmethod 0x000001b165361690
Event: 32.880 Thread 0x000001b17b46bd30 flushing nmethod 0x000001b165361c90
Event: 32.880 Thread 0x000001b17b46bd30 flushing nmethod 0x000001b1653c9490
Event: 32.880 Thread 0x000001b17b46bd30 flushing nmethod 0x000001b16541a390
Event: 32.880 Thread 0x000001b17b46bd30 flushing nmethod 0x000001b16541c890
Event: 32.880 Thread 0x000001b17b46bd30 flushing nmethod 0x000001b16541fc90
Event: 32.880 Thread 0x000001b17b46bd30 flushing nmethod 0x000001b165420f90
Event: 33.352 loading class java/util/stream/ReferencePipeline$4
Event: 33.352 loading class java/util/stream/ReferencePipeline$4 done
Event: 33.353 loading class java/util/stream/ReduceOps$6
Event: 33.353 loading class java/util/stream/ReduceOps$6 done
Event: 33.353 loading class java/util/stream/ReduceOps$5ReducingSink
Event: 33.353 loading class java/util/stream/ReduceOps$5ReducingSink done
Event: 33.353 loading class java/util/stream/ReferencePipeline$4$1
Event: 33.353 loading class java/util/stream/ReferencePipeline$4$1 done
Event: 34.113 loading class jdk/internal/access/foreign/MemorySegmentProxy
Event: 34.113 loading class jdk/internal/access/foreign/MemorySegmentProxy done


Dynamic libraries:
0x00007ff707080000 - 0x00007ff70708a000 	C:\Program Files\Android\Android Studio\jbr\bin\java.exe
0x00007ffd196d0000 - 0x00007ffd198c8000 	C:\WINDOWS\SYSTEM32\ntdll.dll
0x00007ffd18b90000 - 0x00007ffd18c4f000 	C:\WINDOWS\System32\KERNEL32.DLL
0x00007ffd17110000 - 0x00007ffd17406000 	C:\WINDOWS\System32\KERNELBASE.dll
0x00007ffd16e40000 - 0x00007ffd16f40000 	C:\WINDOWS\System32\ucrtbase.dll
0x00007ffd09810000 - 0x00007ffd09827000 	C:\Program Files\Android\Android Studio\jbr\bin\jli.dll
0x00007ffd18690000 - 0x00007ffd1882d000 	C:\WINDOWS\System32\USER32.dll
0x00007ffd17090000 - 0x00007ffd170b2000 	C:\WINDOWS\System32\win32u.dll
0x00007ffd183e0000 - 0x00007ffd1840c000 	C:\WINDOWS\System32\GDI32.dll
0x00007ffd07700000 - 0x00007ffd0771b000 	C:\Program Files\Android\Android Studio\jbr\bin\VCRUNTIME140.dll
0x00007ffd175a0000 - 0x00007ffd176b5000 	C:\WINDOWS\System32\gdi32full.dll
0x00007ffd16ff0000 - 0x00007ffd1708d000 	C:\WINDOWS\System32\msvcp_win.dll
0x00007ffd0ca00000 - 0x00007ffd0cc9a000 	C:\WINDOWS\WinSxS\amd64_microsoft.windows.common-controls_6595b64144ccf1df_6.0.19041.1110_none_60b5254171f9507e\COMCTL32.dll
0x00007ffd18410000 - 0x00007ffd184ae000 	C:\WINDOWS\System32\msvcrt.dll
0x00007ffd17840000 - 0x00007ffd17870000 	C:\WINDOWS\System32\IMM32.DLL
0x00007ffd0a370000 - 0x00007ffd0a37c000 	C:\Program Files\Android\Android Studio\jbr\bin\vcruntime140_1.dll
0x00007ffcf79d0000 - 0x00007ffcf7a5d000 	C:\Program Files\Android\Android Studio\jbr\bin\msvcp140.dll
0x00007ffcc4290000 - 0x00007ffcc4efe000 	C:\Program Files\Android\Android Studio\jbr\bin\server\jvm.dll
0x00007ffd17940000 - 0x00007ffd179ef000 	C:\WINDOWS\System32\ADVAPI32.dll
0x00007ffd195f0000 - 0x00007ffd1968c000 	C:\WINDOWS\System32\sechost.dll
0x00007ffd188a0000 - 0x00007ffd189c6000 	C:\WINDOWS\System32\RPCRT4.dll
0x00007ffd0cce0000 - 0x00007ffd0cce9000 	C:\WINDOWS\SYSTEM32\WSOCK32.dll
0x00007ffd177d0000 - 0x00007ffd1783b000 	C:\WINDOWS\System32\WS2_32.dll
0x00007ffd0c990000 - 0x00007ffd0c9b7000 	C:\WINDOWS\SYSTEM32\WINMM.dll
0x00007ffd11d80000 - 0x00007ffd11d8a000 	C:\WINDOWS\SYSTEM32\VERSION.dll
0x00007ffd14cc0000 - 0x00007ffd14cd2000 	C:\WINDOWS\SYSTEM32\kernel.appcore.dll
0x00007ffd12a50000 - 0x00007ffd12a5a000 	C:\Program Files\Android\Android Studio\jbr\bin\jimage.dll
0x00007ffd0d050000 - 0x00007ffd0d234000 	C:\WINDOWS\SYSTEM32\DBGHELP.DLL
0x00007ffd0c9c0000 - 0x00007ffd0c9f4000 	C:\WINDOWS\SYSTEM32\dbgcore.DLL
0x00007ffd176c0000 - 0x00007ffd17742000 	C:\WINDOWS\System32\bcryptPrimitives.dll
0x00007ffd129d0000 - 0x00007ffd129f5000 	C:\Program Files\Android\Android Studio\jbr\bin\java.dll
0x00007ffd0b6f0000 - 0x00007ffd0b708000 	C:\Program Files\Android\Android Studio\jbr\bin\zip.dll
0x00007ffd18ea0000 - 0x00007ffd195e4000 	C:\WINDOWS\System32\SHELL32.dll
0x00007ffd14ec0000 - 0x00007ffd15653000 	C:\WINDOWS\SYSTEM32\windows.storage.dll
0x00007ffd18020000 - 0x00007ffd18374000 	C:\WINDOWS\System32\combase.dll
0x00007ffd166d0000 - 0x00007ffd166fe000 	C:\WINDOWS\SYSTEM32\Wldp.dll
0x00007ffd185e0000 - 0x00007ffd1868d000 	C:\WINDOWS\System32\SHCORE.dll
0x00007ffd18e40000 - 0x00007ffd18e95000 	C:\WINDOWS\System32\shlwapi.dll
0x00007ffd16d70000 - 0x00007ffd16d95000 	C:\WINDOWS\SYSTEM32\profapi.dll
0x00007ffd0a010000 - 0x00007ffd0a029000 	C:\Program Files\Android\Android Studio\jbr\bin\net.dll
0x00007ffd0fef0000 - 0x00007ffd0fffa000 	C:\WINDOWS\SYSTEM32\WINHTTP.dll
0x00007ffd164b0000 - 0x00007ffd1651a000 	C:\WINDOWS\system32\mswsock.dll
0x00007ffd09830000 - 0x00007ffd09846000 	C:\Program Files\Android\Android Studio\jbr\bin\nio.dll
0x00007ffd129b0000 - 0x00007ffd129c0000 	C:\Program Files\Android\Android Studio\jbr\bin\verify.dll
0x00007ffd077e0000 - 0x00007ffd07807000 	C:\Users\PC_KINTAI\.gradle\native\8bec1ad78214c89d9ad589b4d07fe93259594b29d510b10fafb7a158f7737e5d\windows-amd64\native-platform.dll
0x00007ffce9ef0000 - 0x00007ffcea02d000 	C:\Users\PC_KINTAI\.gradle\native\53dbd7edfb1c66fb8903c78663c9afc45aea4f116125fa6feffd364cf09443e8\windows-amd64\native-platform-file-events.dll
0x00007ffd12960000 - 0x00007ffd12969000 	C:\Program Files\Android\Android Studio\jbr\bin\management.dll
0x00007ffd12940000 - 0x00007ffd1294b000 	C:\Program Files\Android\Android Studio\jbr\bin\management_ext.dll
0x00007ffd189d0000 - 0x00007ffd189d8000 	C:\WINDOWS\System32\PSAPI.DLL
0x00007ffd16710000 - 0x00007ffd16728000 	C:\WINDOWS\SYSTEM32\CRYPTSP.dll
0x00007ffd15de0000 - 0x00007ffd15e14000 	C:\WINDOWS\system32\rsaenh.dll
0x00007ffd17410000 - 0x00007ffd17437000 	C:\WINDOWS\System32\bcrypt.dll
0x00007ffd16ce0000 - 0x00007ffd16d0e000 	C:\WINDOWS\SYSTEM32\USERENV.dll
0x00007ffd16640000 - 0x00007ffd1664c000 	C:\WINDOWS\SYSTEM32\CRYPTBASE.dll
0x00007ffd161c0000 - 0x00007ffd161fb000 	C:\WINDOWS\SYSTEM32\IPHLPAPI.DLL
0x00007ffd18890000 - 0x00007ffd18898000 	C:\WINDOWS\System32\NSI.dll
0x00007ffd10320000 - 0x00007ffd10337000 	C:\WINDOWS\SYSTEM32\dhcpcsvc6.DLL
0x00007ffd10dc0000 - 0x00007ffd10ddd000 	C:\WINDOWS\SYSTEM32\dhcpcsvc.DLL
0x00007ffd16200000 - 0x00007ffd162ca000 	C:\WINDOWS\SYSTEM32\DNSAPI.dll
0x00007ffd123d0000 - 0x00007ffd123d7000 	C:\WINDOWS\system32\wshunix.dll

dbghelp: loaded successfully - version: 4.0.5 - missing functions: none
symbol engine: initialized successfully - sym options: 0x614 - pdb path: .;C:\Program Files\Android\Android Studio\jbr\bin;C:\WINDOWS\SYSTEM32;C:\WINDOWS\WinSxS\amd64_microsoft.windows.common-controls_6595b64144ccf1df_6.0.19041.1110_none_60b5254171f9507e;C:\Program Files\Android\Android Studio\jbr\bin\server;C:\Users\PC_KINTAI\.gradle\native\8bec1ad78214c89d9ad589b4d07fe93259594b29d510b10fafb7a158f7737e5d\windows-amd64;C:\Users\PC_KINTAI\.gradle\native\53dbd7edfb1c66fb8903c78663c9afc45aea4f116125fa6feffd364cf09443e8\windows-amd64

VM Arguments:
jvm_args: --add-opens=java.base/java.util=ALL-UNNAMED --add-opens=java.base/java.lang=ALL-UNNAMED --add-opens=java.base/java.lang.invoke=ALL-UNNAMED --add-opens=java.base/java.util=ALL-UNNAMED --add-opens=java.prefs/java.util.prefs=ALL-UNNAMED --add-opens=java.prefs/java.util.prefs=ALL-UNNAMED --add-opens=java.base/java.nio.charset=ALL-UNNAMED --add-opens=java.base/java.net=ALL-UNNAMED --add-opens=java.base/java.util.concurrent.atomic=ALL-UNNAMED -Xmx2048m -Dfile.encoding=UTF-8 -Duser.country=US -Duser.language=en -Duser.variant 
java_command: org.gradle.launcher.daemon.bootstrap.GradleDaemon 7.0.2
java_class_path (initial): C:\Users\PC_KINTAI\.gradle\wrapper\dists\gradle-7.0.2-bin\857tjihv64xamwrf0h14cai3r\gradle-7.0.2\lib\gradle-launcher-7.0.2.jar
Launcher Type: SUN_STANDARD

[Global flags]
     intx CICompilerCount                          = 3                                         {product} {ergonomic}
     uint ConcGCThreads                            = 2                                         {product} {ergonomic}
     uint G1ConcRefinementThreads                  = 6                                         {product} {ergonomic}
   size_t G1HeapRegionSize                         = 1048576                                   {product} {ergonomic}
    uintx GCDrainStackTargetSize                   = 64                                        {product} {ergonomic}
   size_t InitialHeapSize                          = 199229440                                 {product} {ergonomic}
   size_t MarkStackSize                            = 4194304                                   {product} {ergonomic}
   size_t MaxHeapSize                              = 2147483648                                {product} {command line}
   size_t MaxNewSize                               = 1287651328                                {product} {ergonomic}
   size_t MinHeapDeltaBytes                        = 1048576                                   {product} {ergonomic}
   size_t MinHeapSize                              = 8388608                                   {product} {ergonomic}
    uintx NonNMethodCodeHeapSize                   = 5832780                                {pd product} {ergonomic}
    uintx NonProfiledCodeHeapSize                  = 122912730                              {pd product} {ergonomic}
    uintx ProfiledCodeHeapSize                     = 122912730                              {pd product} {ergonomic}
    uintx ReservedCodeCacheSize                    = 251658240                              {pd product} {ergonomic}
     bool SegmentedCodeCache                       = true                                      {product} {ergonomic}
   size_t SoftMaxHeapSize                          = 2147483648                             {manageable} {ergonomic}
     bool UseCompressedClassPointers               = true                           {product lp64_product} {ergonomic}
     bool UseCompressedOops                        = true                           {product lp64_product} {ergonomic}
     bool UseG1GC                                  = true                                      {product} {ergonomic}
     bool UseLargePagesIndividualAllocation        = false                                  {pd product} {ergonomic}

Logging:
Log output configuration:
 #0: stdout all=warning uptime,level,tags
 #1: stderr all=off uptime,level,tags

Environment Variables:
PATH=C:\Program Files\Common Files\Oracle\Java\javapath;C:\WINDOWS\system32;C:\WINDOWS;C:\WINDOWS\System32\Wbem;C:\WINDOWS\System32\WindowsPowerShell\v1.0\;C:\Program Files\Microsoft SQL Server\Client SDK\ODBC\170\Tools\Binn\;C:\Program Files (x86)\Microsoft SQL Server\150\Tools\Binn\;C:\Program Files\Microsoft SQL Server\150\Tools\Binn\;C:\Program Files\Microsoft SQL Server\150\DTS\Binn\;C:\WINDOWS\System32\OpenSSH\;C:\Program Files (x86)\Microsoft SQL Server\150\DTS\Binn\;C:\Program Files\Azure Data Studio\bin;C:\Program Files\Git\bin;C:\Program Files\Git\cmd\;;C:\Program Files\Docker\Docker\resources\bin;C:\ProgramData\DockerDesktop\version-bin;C:\Program Files\dotnet\;C:\Users\PC_KINTAI\AppData\Local\Microsoft\WindowsApps;C:\Program Files\Azure Data Studio\bin;C:\src\flutter\bin;C:\Users\PC_KINTAI\AppData\Local\Android\Sdk;C:\Users\PC_KINTAI\AppData\Local\Programs\Microsoft VS Code\bin;C:\Program Files\Java\jdk-11.0.12\bin;C:\src\flutter_windows_3.0.1-stable\flutter\bin;C:\src\flutter_windows_3.0.5-stable\flutter\bin;C:\Users\PC_KINTAI\AppData\Local\Programs\Python\Python310\Lib\site-packages\pip;C:\Program Files\JetBrains\PyCharm 2022.2\bin;;C:\Users\PC_KINTAI\.dotnet\tools;D:\S-App\platform-tools;
USERNAME=PC_KINTAI
OS=Windows_NT
PROCESSOR_IDENTIFIER=Intel64 Family 6 Model 158 Stepping 10, GenuineIntel
TMP=C:\Users\PC_KIN~1\AppData\Local\Temp
TEMP=C:\Users\PC_KIN~1\AppData\Local\Temp


JNI global refs:
JNI global refs: 25, weak refs: 0

JNI global refs memory usage: 843, weak refs: 841


---------------  S Y S T E M  ---------------

OS:
 Windows 10 , 64 bit Build 19041 (10.0.19041.3155)
OS uptime: 6 days 6:55 hours
Hyper-V role detected

CPU: total 6 (initial active 6) (6 cores per cpu, 1 threads per core) family 6 model 158 stepping 10 microcode 0xb4, cx8, cmov, fxsr, mmx, 3dnowpref, sse, sse2, sse3, ssse3, sse4.1, sse4.2, popcnt, lzcnt, tsc, tscinvbit, avx, avx2, aes, erms, clmul, bmi1, bmi2, adx, fma, vzeroupper, clflush, clflushopt, hv

Memory: 4k page, system-wide physical 12114M (1344M free)
TotalPageFile size 15336M (AvailPageFile size 0M)
current process WorkingSet (physical memory assigned to process): 505M, peak: 505M
current process commit charge ("private bytes"): 788M, peak: 792M

vm_info: OpenJDK 64-Bit Server VM (17.0.6+0-b2043.56-10027231) for windows-amd64 JRE (17.0.6+0-b2043.56-10027231), built on Apr 28 2023 00:43:19 by "androidbuild" with MS VC++ 16.10 / 16.11 (VS2019)

END.
